#-----------------------------------------------------------
# Vivado v2017.4 (64-bit)
# SW Build 2086221 on Fri Dec 15 20:55:39 MST 2017
# IP Build 2085800 on Fri Dec 15 22:25:07 MST 2017
# Start of session at: Wed Jun  6 17:54:49 2018
# Process ID: 147756
# Current directory: C:/Users/Sofs/Documents/CR/tp7/tp7.srcs/sources_1/bd/design_1/ip/design_1_SevenDispManager_0_0
# Command line: vivado.exe -gui_launcher_event rodinguilauncherevent147900 C:\Users\Sofs\Documents\CR\tp7\tp7.srcs\sources_1\bd\design_1\ip\design_1_SevenDispManager_0_0\design_1_SevenDispManager_0_0.dcp
# Log file: C:/Users/Sofs/Documents/CR/tp7/tp7.srcs/sources_1/bd/design_1/ip/design_1_SevenDispManager_0_0/vivado.log
# Journal file: C:/Users/Sofs/Documents/CR/tp7/tp7.srcs/sources_1/bd/design_1/ip/design_1_SevenDispManager_0_0\vivado.jou
#-----------------------------------------------------------
start_gui
open_checkpoint {C:\Users\Sofs\Documents\CR\tp7\tp7.srcs\sources_1\bd\design_1\ip\design_1_SevenDispManager_0_0\design_1_SevenDispManager_0_0.dcp}
Command: open_checkpoint {C:\Users\Sofs\Documents\CR\tp7\tp7.srcs\sources_1\bd\design_1\ip\design_1_SevenDispManager_0_0\design_1_SevenDispManager_0_0.dcp}

Starting open_checkpoint Task

Time (s): cpu = 00:00:00 ; elapsed = 00:00:00.038 . Memory (MB): peak = 693.828 ; gain = 0.000
INFO: [IP_Flow 19-234] Refreshing IP repositories
INFO: [IP_Flow 19-1704] No user IP repositories specified
INFO: [IP_Flow 19-2313] Loaded Vivado IP repository 'C:/Xilinx/Vivado/2017.4/data/ip'.
CRITICAL WARNING: [Board 49-67] The board_part definition was not found for digilentinc.com:nexys4:part0:1.1. This can happen sometimes when you use custom board part. You can resolve this issue by setting 'board.repoPaths' parameter, pointing to the location of custom board files. Valid board_part values can be retrieved with the 'get_board_parts' Tcl command.
INFO: [Project 1-479] Netlist was created with Vivado 2017.4
INFO: [Device 21-403] Loading part xc7a100tcsg324-1
INFO: [Project 1-570] Preparing netlist for logic optimization
INFO: [Project 1-111] Unisim Transformation Summary:
No Unisim elements were transformed.

INFO: [Project 1-604] Checkpoint was created with Vivado v2017.4 (64-bit) build 2086221
open_checkpoint: Time (s): cpu = 00:00:28 ; elapsed = 00:00:17 . Memory (MB): peak = 1134.047 ; gain = 445.207
exit
INFO: [Common 17-206] Exiting Vivado at Wed Jun  6 17:59:09 2018...
