21:16:51 INFO  : Registering command handlers for SDK TCF services
21:16:52 INFO  : Launching XSCT server: xsct.bat -interactive D:\Universidade\cr\tp7\tp7.sdk\temp_xsdb_launch_script.tcl
21:16:58 INFO  : XSCT server has started successfully.
21:17:10 INFO  : Successfully done setting XSCT server connection channel  
21:17:10 INFO  : Successfully done setting SDK workspace  
21:17:10 INFO  : Processing command line option -hwspec D:/Universidade/cr/tp7/tp7.sdk/design_1_wrapper.hdf.
21:19:19 INFO  : Connected to target on host '127.0.0.1' and port '3121'.
21:19:21 INFO  : 'targets -set -filter {jtag_cable_name =~ "Digilent Nexys4 210274674840A" && level==0} -index 0' command is executed.
21:19:24 INFO  : FPGA configured successfully with bitstream "D:/Universidade/cr/tp7/tp7.sdk/design_1_wrapper_hw_platform_0/download.bit"
22:06:29 INFO  : Registering command handlers for SDK TCF services
22:06:29 INFO  : Launching XSCT server: xsct.bat -interactive D:\Universidade\cr\tp7\tp7.sdk\temp_xsdb_launch_script.tcl
22:06:31 INFO  : XSCT server has started successfully.
22:06:32 INFO  : Successfully done setting XSCT server connection channel  
22:06:32 INFO  : Processing command line option -hwspec D:/Universidade/cr/tp7/tp7.sdk/design_1_wrapper.hdf.
22:06:32 INFO  : Successfully done setting SDK workspace  
22:06:32 INFO  : Checking for hwspec changes in the project design_1_wrapper_hw_platform_0.
22:06:33 INFO  : SDK has detected change in the last modified timestamps for source hardware specification file Source:1524171893391,  Project:1524168905887
22:06:33 INFO  : The hardware specification for project 'design_1_wrapper_hw_platform_0' is different from D:/Universidade/cr/tp7/tp7.sdk/design_1_wrapper.hdf.
22:06:33 INFO  : Copied contents of D:/Universidade/cr/tp7/tp7.sdk/design_1_wrapper.hdf into \design_1_wrapper_hw_platform_0\system.hdf.
22:06:34 INFO  : Synchronizing projects in the workspace with the hardware platform specification changes.
22:06:36 INFO  : 
22:06:37 INFO  : Updating hardware inferred compiler options for CountDownTimer.
22:06:37 INFO  : Clearing existing target manager status.
22:06:37 WARN  : Given IPC port value is invalid. Using default port 2350
22:06:37 WARN  : Given XMD timeout value is invalid. Using default value of 50000
22:06:39 WARN  : Given XMD transaction timeout value is invalid. Using default value of 60000 milli seconds
22:25:41 INFO  : Connected to target on host '127.0.0.1' and port '3121'.
22:25:43 INFO  : 'targets -set -filter {jtag_cable_name =~ "Digilent Nexys4 210274674840A" && level==0} -index 0' command is executed.
22:25:45 INFO  : FPGA configured successfully with bitstream "D:/Universidade/cr/tp7/tp7.sdk/design_1_wrapper_hw_platform_0/download.bit"
22:26:13 INFO  : 'targets -set -filter {jtag_cable_name =~ "Digilent Nexys4 210274674840A" && level==0} -index 0' command is executed.
22:26:13 INFO  : 'fpga -state' command is executed.
22:26:13 INFO  : Connected to target on host '127.0.0.1' and port '3121'.
22:26:14 INFO  : Jtag cable 'Digilent Nexys4 210274674840A' is selected.
22:26:14 INFO  : 'jtag frequency' command is executed.
22:26:14 INFO  : Context for processor 'microblaze_0' is selected.
22:26:14 INFO  : Processor reset is completed for 'microblaze_0'.
22:26:14 INFO  : Context for processor 'microblaze_0' is selected.
22:26:14 INFO  : The application 'D:/Universidade/cr/tp7/tp7.sdk/CountDownTimer/Debug/CountDownTimer.elf' is downloaded to processor 'microblaze_0'.
22:26:14 INFO  : ----------------XSDB Script----------------
connect -url tcp:127.0.0.1:3121
targets -set -nocase -filter {name =~ "microblaze*#0" && bscan=="USER2"  && jtag_cable_name =~ "Digilent Nexys4 210274674840A"} -index 0
rst -processor
targets -set -nocase -filter {name =~ "microblaze*#0" && bscan=="USER2"  && jtag_cable_name =~ "Digilent Nexys4 210274674840A"} -index 0
dow D:/Universidade/cr/tp7/tp7.sdk/CountDownTimer/Debug/CountDownTimer.elf
----------------End of Script----------------

22:26:14 INFO  : Memory regions updated for context MicroBlaze #0
22:26:14 INFO  : Memory regions updated for context MicroBlaze Debug Module at USER2
22:26:14 INFO  : Context for processor 'microblaze_0' is selected.
22:26:14 INFO  : 'con' command is executed.
22:26:14 INFO  : ----------------XSDB Script (After Launch)----------------
targets -set -nocase -filter {name =~ "microblaze*#0" && bscan=="USER2"  && jtag_cable_name =~ "Digilent Nexys4 210274674840A"} -index 0
con
----------------End of Script----------------

22:26:14 INFO  : Launch script is exported to file 'D:\Universidade\cr\tp7\tp7.sdk\.sdk\launch_scripts\xilinx_c-c++_application_(system_debugger)\system_debugger_using_debug_countdowntimer.elf_on_local.tcl'
22:30:28 INFO  : Connected to target on host '127.0.0.1' and port '3121'.
22:30:28 INFO  : 'targets -set -filter {jtag_cable_name =~ "Digilent Nexys4 210274674840A" && level==0} -index 0' command is executed.
22:30:30 INFO  : FPGA configured successfully with bitstream "D:/Universidade/cr/tp7/tp7.sdk/design_1_wrapper_hw_platform_0/download.bit"
22:31:30 INFO  : Disconnected from the channel tcfchan#1.
22:31:31 INFO  : 'targets -set -filter {jtag_cable_name =~ "Digilent Nexys4 210274674840A" && level==0} -index 0' command is executed.
22:31:31 INFO  : 'fpga -state' command is executed.
22:31:31 INFO  : Connected to target on host '127.0.0.1' and port '3121'.
22:31:32 INFO  : Jtag cable 'Digilent Nexys4 210274674840A' is selected.
22:31:32 INFO  : 'jtag frequency' command is executed.
22:31:32 INFO  : Context for processor 'microblaze_0' is selected.
22:31:32 INFO  : Processor reset is completed for 'microblaze_0'.
22:31:32 INFO  : Context for processor 'microblaze_0' is selected.
22:31:32 INFO  : The application 'D:/Universidade/cr/tp7/tp7.sdk/CountDownTimer/Debug/CountDownTimer.elf' is downloaded to processor 'microblaze_0'.
22:31:32 INFO  : ----------------XSDB Script----------------
connect -url tcp:127.0.0.1:3121
targets -set -nocase -filter {name =~ "microblaze*#0" && bscan=="USER2"  && jtag_cable_name =~ "Digilent Nexys4 210274674840A"} -index 0
rst -processor
targets -set -nocase -filter {name =~ "microblaze*#0" && bscan=="USER2"  && jtag_cable_name =~ "Digilent Nexys4 210274674840A"} -index 0
dow D:/Universidade/cr/tp7/tp7.sdk/CountDownTimer/Debug/CountDownTimer.elf
----------------End of Script----------------

22:31:32 INFO  : Memory regions updated for context MicroBlaze #0
22:31:32 INFO  : Memory regions updated for context MicroBlaze Debug Module at USER2
22:31:32 INFO  : Context for processor 'microblaze_0' is selected.
22:31:32 INFO  : 'con' command is executed.
22:31:32 INFO  : ----------------XSDB Script (After Launch)----------------
targets -set -nocase -filter {name =~ "microblaze*#0" && bscan=="USER2"  && jtag_cable_name =~ "Digilent Nexys4 210274674840A"} -index 0
con
----------------End of Script----------------

22:31:32 INFO  : Launch script is exported to file 'D:\Universidade\cr\tp7\tp7.sdk\.sdk\launch_scripts\xilinx_c-c++_application_(system_debugger)\system_debugger_using_debug_countdowntimer.elf_on_local.tcl'
22:34:32 INFO  : Connected to target on host '127.0.0.1' and port '3121'.
22:34:32 INFO  : 'targets -set -filter {jtag_cable_name =~ "Digilent Nexys4 210274674840A" && level==0} -index 0' command is executed.
22:34:34 INFO  : FPGA configured successfully with bitstream "D:/Universidade/cr/tp7/tp7.sdk/design_1_wrapper_hw_platform_0/download.bit"
22:34:46 INFO  : Disconnected from the channel tcfchan#2.
22:34:47 INFO  : 'targets -set -filter {jtag_cable_name =~ "Digilent Nexys4 210274674840A" && level==0} -index 0' command is executed.
22:34:47 INFO  : 'fpga -state' command is executed.
22:34:47 INFO  : Connected to target on host '127.0.0.1' and port '3121'.
22:34:47 INFO  : Jtag cable 'Digilent Nexys4 210274674840A' is selected.
22:34:47 INFO  : 'jtag frequency' command is executed.
22:34:47 INFO  : Context for processor 'microblaze_0' is selected.
22:34:47 INFO  : Processor reset is completed for 'microblaze_0'.
22:34:47 INFO  : Context for processor 'microblaze_0' is selected.
22:34:48 INFO  : The application 'D:/Universidade/cr/tp7/tp7.sdk/CountDownTimer/Debug/CountDownTimer.elf' is downloaded to processor 'microblaze_0'.
22:34:48 INFO  : ----------------XSDB Script----------------
connect -url tcp:127.0.0.1:3121
targets -set -nocase -filter {name =~ "microblaze*#0" && bscan=="USER2"  && jtag_cable_name =~ "Digilent Nexys4 210274674840A"} -index 0
rst -processor
targets -set -nocase -filter {name =~ "microblaze*#0" && bscan=="USER2"  && jtag_cable_name =~ "Digilent Nexys4 210274674840A"} -index 0
dow D:/Universidade/cr/tp7/tp7.sdk/CountDownTimer/Debug/CountDownTimer.elf
----------------End of Script----------------

22:34:48 INFO  : Memory regions updated for context MicroBlaze #0
22:34:48 INFO  : Memory regions updated for context MicroBlaze Debug Module at USER2
22:34:48 INFO  : Context for processor 'microblaze_0' is selected.
22:34:48 INFO  : 'con' command is executed.
22:34:48 INFO  : ----------------XSDB Script (After Launch)----------------
targets -set -nocase -filter {name =~ "microblaze*#0" && bscan=="USER2"  && jtag_cable_name =~ "Digilent Nexys4 210274674840A"} -index 0
con
----------------End of Script----------------

22:34:48 INFO  : Launch script is exported to file 'D:\Universidade\cr\tp7\tp7.sdk\.sdk\launch_scripts\xilinx_c-c++_application_(system_debugger)\system_debugger_using_debug_countdowntimer.elf_on_local.tcl'
22:37:33 INFO  : Connected to target on host '127.0.0.1' and port '3121'.
22:37:33 INFO  : 'targets -set -filter {jtag_cable_name =~ "Digilent Nexys4 210274674840A" && level==0} -index 0' command is executed.
22:37:35 INFO  : FPGA configured successfully with bitstream "D:/Universidade/cr/tp7/tp7.sdk/design_1_wrapper_hw_platform_0/download.bit"
22:37:50 INFO  : Disconnected from the channel tcfchan#3.
22:37:51 INFO  : 'targets -set -filter {jtag_cable_name =~ "Digilent Nexys4 210274674840A" && level==0} -index 0' command is executed.
22:37:51 INFO  : 'fpga -state' command is executed.
22:37:51 INFO  : Connected to target on host '127.0.0.1' and port '3121'.
22:37:52 INFO  : Jtag cable 'Digilent Nexys4 210274674840A' is selected.
22:37:52 INFO  : 'jtag frequency' command is executed.
22:37:52 INFO  : Context for processor 'microblaze_0' is selected.
22:37:52 INFO  : Processor reset is completed for 'microblaze_0'.
22:37:52 INFO  : Context for processor 'microblaze_0' is selected.
22:37:52 INFO  : The application 'D:/Universidade/cr/tp7/tp7.sdk/CountDownTimer/Debug/CountDownTimer.elf' is downloaded to processor 'microblaze_0'.
22:37:52 INFO  : ----------------XSDB Script----------------
connect -url tcp:127.0.0.1:3121
targets -set -nocase -filter {name =~ "microblaze*#0" && bscan=="USER2"  && jtag_cable_name =~ "Digilent Nexys4 210274674840A"} -index 0
rst -processor
targets -set -nocase -filter {name =~ "microblaze*#0" && bscan=="USER2"  && jtag_cable_name =~ "Digilent Nexys4 210274674840A"} -index 0
dow D:/Universidade/cr/tp7/tp7.sdk/CountDownTimer/Debug/CountDownTimer.elf
----------------End of Script----------------

22:37:52 INFO  : Memory regions updated for context MicroBlaze #0
22:37:52 INFO  : Memory regions updated for context MicroBlaze Debug Module at USER2
22:37:52 INFO  : Context for processor 'microblaze_0' is selected.
22:37:52 INFO  : 'con' command is executed.
22:37:52 INFO  : ----------------XSDB Script (After Launch)----------------
targets -set -nocase -filter {name =~ "microblaze*#0" && bscan=="USER2"  && jtag_cable_name =~ "Digilent Nexys4 210274674840A"} -index 0
con
----------------End of Script----------------

22:37:52 INFO  : Launch script is exported to file 'D:\Universidade\cr\tp7\tp7.sdk\.sdk\launch_scripts\xilinx_c-c++_application_(system_debugger)\system_debugger_using_debug_countdowntimer.elf_on_local.tcl'
22:52:20 INFO  : Connected to target on host '127.0.0.1' and port '3121'.
22:52:41 INFO  : Connected to target on host '127.0.0.1' and port '3121'.
22:52:54 INFO  : Connected to target on host '127.0.0.1' and port '3121'.
22:54:33 INFO  : Connected to target on host '127.0.0.1' and port '3121'.
22:54:33 INFO  : 'targets -set -filter {jtag_cable_name =~ "Digilent Nexys4 210274674840A" && level==0} -index 0' command is executed.
22:54:35 INFO  : FPGA configured successfully with bitstream "D:/Universidade/cr/tp7/tp7.sdk/design_1_wrapper_hw_platform_0/download.bit"
22:55:28 INFO  : Disconnected from the channel tcfchan#4.
22:55:29 INFO  : 'targets -set -filter {jtag_cable_name =~ "Digilent Nexys4 210274674840A" && level==0} -index 0' command is executed.
22:55:29 INFO  : 'fpga -state' command is executed.
22:55:29 INFO  : Connected to target on host '127.0.0.1' and port '3121'.
22:55:29 INFO  : Jtag cable 'Digilent Nexys4 210274674840A' is selected.
22:55:29 INFO  : 'jtag frequency' command is executed.
22:55:29 INFO  : Context for processor 'microblaze_0' is selected.
22:55:29 INFO  : Processor reset is completed for 'microblaze_0'.
22:55:29 INFO  : Context for processor 'microblaze_0' is selected.
22:55:29 INFO  : The application 'D:/Universidade/cr/tp7/tp7.sdk/CountDownTimer/Debug/CountDownTimer.elf' is downloaded to processor 'microblaze_0'.
22:55:29 INFO  : ----------------XSDB Script----------------
connect -url tcp:127.0.0.1:3121
targets -set -nocase -filter {name =~ "microblaze*#0" && bscan=="USER2"  && jtag_cable_name =~ "Digilent Nexys4 210274674840A"} -index 0
rst -processor
targets -set -nocase -filter {name =~ "microblaze*#0" && bscan=="USER2"  && jtag_cable_name =~ "Digilent Nexys4 210274674840A"} -index 0
dow D:/Universidade/cr/tp7/tp7.sdk/CountDownTimer/Debug/CountDownTimer.elf
----------------End of Script----------------

22:55:29 INFO  : Memory regions updated for context MicroBlaze #0
22:55:29 INFO  : Memory regions updated for context MicroBlaze Debug Module at USER2
22:55:29 INFO  : Context for processor 'microblaze_0' is selected.
22:55:29 INFO  : 'con' command is executed.
22:55:29 INFO  : ----------------XSDB Script (After Launch)----------------
targets -set -nocase -filter {name =~ "microblaze*#0" && bscan=="USER2"  && jtag_cable_name =~ "Digilent Nexys4 210274674840A"} -index 0
con
----------------End of Script----------------

22:55:29 INFO  : Launch script is exported to file 'D:\Universidade\cr\tp7\tp7.sdk\.sdk\launch_scripts\xilinx_c-c++_application_(system_debugger)\system_debugger_using_debug_countdowntimer.elf_on_local.tcl'
22:56:51 INFO  : SDK has detected change in the last modified timestamps for source hardware specification file Source:1524174907126,  Project:1524171893391
22:56:51 INFO  : Project design_1_wrapper_hw_platform_0's source hardware specification located at D:/Universidade/cr/tp7/tp7.sdk/design_1_wrapper.hdf is now different from the local copy.
		 The local copy will be replaced with the source specification and your workspace will be updated.
22:57:09 INFO  : Copied contents of D:/Universidade/cr/tp7/tp7.sdk/design_1_wrapper.hdf into \design_1_wrapper_hw_platform_0\system.hdf.
22:57:09 INFO  : Synchronizing projects in the workspace with the hardware platform specification changes.
22:57:16 INFO  : 
22:57:17 INFO  : Updating hardware inferred compiler options for CountDownTimer.
22:57:17 INFO  : Clearing existing target manager status.
22:58:09 INFO  : Connected to target on host '127.0.0.1' and port '3121'.
22:58:09 INFO  : 'targets -set -filter {jtag_cable_name =~ "Digilent Nexys4 210274674840A" && level==0} -index 0' command is executed.
22:58:11 INFO  : FPGA configured successfully with bitstream "D:/Universidade/cr/tp7/tp7.sdk/design_1_wrapper_hw_platform_0/download.bit"
22:59:01 INFO  : Disconnected from the channel tcfchan#5.
22:59:02 INFO  : 'targets -set -filter {jtag_cable_name =~ "Digilent Nexys4 210274674840A" && level==0} -index 0' command is executed.
22:59:02 INFO  : 'fpga -state' command is executed.
22:59:02 INFO  : Connected to target on host '127.0.0.1' and port '3121'.
22:59:02 INFO  : Jtag cable 'Digilent Nexys4 210274674840A' is selected.
22:59:02 INFO  : 'jtag frequency' command is executed.
22:59:02 INFO  : Context for processor 'microblaze_0' is selected.
22:59:02 INFO  : Processor reset is completed for 'microblaze_0'.
22:59:02 INFO  : Context for processor 'microblaze_0' is selected.
22:59:02 INFO  : The application 'D:/Universidade/cr/tp7/tp7.sdk/CountDownTimer/Debug/CountDownTimer.elf' is downloaded to processor 'microblaze_0'.
22:59:02 INFO  : ----------------XSDB Script----------------
connect -url tcp:127.0.0.1:3121
targets -set -nocase -filter {name =~ "microblaze*#0" && bscan=="USER2"  && jtag_cable_name =~ "Digilent Nexys4 210274674840A"} -index 0
rst -processor
targets -set -nocase -filter {name =~ "microblaze*#0" && bscan=="USER2"  && jtag_cable_name =~ "Digilent Nexys4 210274674840A"} -index 0
dow D:/Universidade/cr/tp7/tp7.sdk/CountDownTimer/Debug/CountDownTimer.elf
----------------End of Script----------------

22:59:02 INFO  : Memory regions updated for context MicroBlaze #0
22:59:02 INFO  : Memory regions updated for context MicroBlaze Debug Module at USER2
22:59:03 INFO  : Context for processor 'microblaze_0' is selected.
22:59:03 INFO  : 'con' command is executed.
22:59:03 INFO  : ----------------XSDB Script (After Launch)----------------
targets -set -nocase -filter {name =~ "microblaze*#0" && bscan=="USER2"  && jtag_cable_name =~ "Digilent Nexys4 210274674840A"} -index 0
con
----------------End of Script----------------

22:59:03 INFO  : Launch script is exported to file 'D:\Universidade\cr\tp7\tp7.sdk\.sdk\launch_scripts\xilinx_c-c++_application_(system_debugger)\system_debugger_using_debug_countdowntimer.elf_on_local.tcl'
23:04:56 INFO  : Connected to target on host '127.0.0.1' and port '3121'.
23:04:56 INFO  : 'targets -set -filter {jtag_cable_name =~ "Digilent Nexys4 210274674840A" && level==0} -index 0' command is executed.
23:04:58 INFO  : FPGA configured successfully with bitstream "D:/Universidade/cr/tp7/tp7.sdk/design_1_wrapper_hw_platform_0/download.bit"
23:05:23 INFO  : Disconnected from the channel tcfchan#6.
23:05:24 INFO  : 'targets -set -filter {jtag_cable_name =~ "Digilent Nexys4 210274674840A" && level==0} -index 0' command is executed.
23:05:24 INFO  : 'fpga -state' command is executed.
23:05:24 INFO  : Connected to target on host '127.0.0.1' and port '3121'.
23:05:24 INFO  : Jtag cable 'Digilent Nexys4 210274674840A' is selected.
23:05:24 INFO  : 'jtag frequency' command is executed.
23:05:24 INFO  : Context for processor 'microblaze_0' is selected.
23:05:24 INFO  : Processor reset is completed for 'microblaze_0'.
23:05:24 INFO  : Context for processor 'microblaze_0' is selected.
23:05:25 INFO  : The application 'D:/Universidade/cr/tp7/tp7.sdk/CountDownTimer/Debug/CountDownTimer.elf' is downloaded to processor 'microblaze_0'.
23:05:25 INFO  : ----------------XSDB Script----------------
connect -url tcp:127.0.0.1:3121
targets -set -nocase -filter {name =~ "microblaze*#0" && bscan=="USER2"  && jtag_cable_name =~ "Digilent Nexys4 210274674840A"} -index 0
rst -processor
targets -set -nocase -filter {name =~ "microblaze*#0" && bscan=="USER2"  && jtag_cable_name =~ "Digilent Nexys4 210274674840A"} -index 0
dow D:/Universidade/cr/tp7/tp7.sdk/CountDownTimer/Debug/CountDownTimer.elf
----------------End of Script----------------

23:05:25 INFO  : Memory regions updated for context MicroBlaze #0
23:05:25 INFO  : Memory regions updated for context MicroBlaze Debug Module at USER2
23:05:25 INFO  : Context for processor 'microblaze_0' is selected.
23:05:25 INFO  : 'con' command is executed.
23:05:25 INFO  : ----------------XSDB Script (After Launch)----------------
targets -set -nocase -filter {name =~ "microblaze*#0" && bscan=="USER2"  && jtag_cable_name =~ "Digilent Nexys4 210274674840A"} -index 0
con
----------------End of Script----------------

23:05:25 INFO  : Launch script is exported to file 'D:\Universidade\cr\tp7\tp7.sdk\.sdk\launch_scripts\xilinx_c-c++_application_(system_debugger)\system_debugger_using_debug_countdowntimer.elf_on_local.tcl'
23:06:00 INFO  : Disconnected from the channel tcfchan#7.
23:06:01 ERROR : Unexpected error while parsing XMD response ?: com.google.gson.JsonSyntaxException: com.google.gson.stream.MalformedJsonException: invalid number or unquoted string near 
23:06:33 INFO  : Registering command handlers for SDK TCF services
23:06:33 INFO  : Launching XSCT server: xsct.bat -interactive D:\Universidade\cr\tp7\tp7.sdk\temp_xsdb_launch_script.tcl
23:06:35 INFO  : XSCT server has started successfully.
23:06:36 INFO  : Processing command line option -hwspec D:/Universidade/cr/tp7/tp7.sdk/design_1_wrapper.hdf.
23:06:36 INFO  : Checking for hwspec changes in the project design_1_wrapper_hw_platform_0.
23:06:36 INFO  : Successfully done setting XSCT server connection channel  
23:06:37 INFO  : Successfully done setting SDK workspace  
23:07:18 INFO  : Connected to target on host '127.0.0.1' and port '3121'.
23:07:18 INFO  : 'targets -set -filter {jtag_cable_name =~ "Digilent Nexys4 210274674840A" && level==0} -index 0' command is executed.
23:07:21 INFO  : FPGA configured successfully with bitstream "D:/Universidade/cr/tp7/tp7.sdk/design_1_wrapper_hw_platform_0/download.bit"
23:07:39 INFO  : 'targets -set -filter {jtag_cable_name =~ "Digilent Nexys4 210274674840A" && level==0} -index 0' command is executed.
23:07:39 INFO  : 'fpga -state' command is executed.
23:07:39 INFO  : Connected to target on host '127.0.0.1' and port '3121'.
23:07:40 INFO  : Jtag cable 'Digilent Nexys4 210274674840A' is selected.
23:07:40 INFO  : 'jtag frequency' command is executed.
23:07:40 INFO  : Context for processor 'microblaze_0' is selected.
23:07:40 INFO  : Processor reset is completed for 'microblaze_0'.
23:07:40 INFO  : Context for processor 'microblaze_0' is selected.
23:07:40 INFO  : The application 'D:/Universidade/cr/tp7/tp7.sdk/CountDownTimer/Debug/CountDownTimer.elf' is downloaded to processor 'microblaze_0'.
23:07:40 INFO  : ----------------XSDB Script----------------
connect -url tcp:127.0.0.1:3121
targets -set -nocase -filter {name =~ "microblaze*#0" && bscan=="USER2"  && jtag_cable_name =~ "Digilent Nexys4 210274674840A"} -index 0
rst -processor
targets -set -nocase -filter {name =~ "microblaze*#0" && bscan=="USER2"  && jtag_cable_name =~ "Digilent Nexys4 210274674840A"} -index 0
dow D:/Universidade/cr/tp7/tp7.sdk/CountDownTimer/Debug/CountDownTimer.elf
----------------End of Script----------------

23:07:40 INFO  : Memory regions updated for context MicroBlaze #0
23:07:40 INFO  : Memory regions updated for context MicroBlaze Debug Module at USER2
23:07:40 INFO  : Context for processor 'microblaze_0' is selected.
23:07:40 INFO  : 'con' command is executed.
23:07:40 INFO  : ----------------XSDB Script (After Launch)----------------
targets -set -nocase -filter {name =~ "microblaze*#0" && bscan=="USER2"  && jtag_cable_name =~ "Digilent Nexys4 210274674840A"} -index 0
con
----------------End of Script----------------

23:07:40 INFO  : Launch script is exported to file 'D:\Universidade\cr\tp7\tp7.sdk\.sdk\launch_scripts\xilinx_c-c++_application_(system_debugger)\system_debugger_using_debug_countdowntimer.elf_on_local.tcl'
23:21:46 INFO  : SDK has detected change in the last modified timestamps for source hardware specification file Source:1524176489867,  Project:1524174907126
23:21:46 INFO  : Project design_1_wrapper_hw_platform_0's source hardware specification located at D:/Universidade/cr/tp7/tp7.sdk/design_1_wrapper.hdf is now different from the local copy.
		 The local copy will be replaced with the source specification and your workspace will be updated.
23:21:51 INFO  : Copied contents of D:/Universidade/cr/tp7/tp7.sdk/design_1_wrapper.hdf into \design_1_wrapper_hw_platform_0\system.hdf.
23:21:52 INFO  : Synchronizing projects in the workspace with the hardware platform specification changes.
23:21:58 INFO  : 
23:21:59 INFO  : Updating hardware inferred compiler options for CountDownTimer.
23:21:59 INFO  : Clearing existing target manager status.
23:21:59 WARN  : Given IPC port value is invalid. Using default port 2350
23:22:00 WARN  : Given XMD timeout value is invalid. Using default value of 50000
23:22:02 WARN  : Given XMD transaction timeout value is invalid. Using default value of 60000 milli seconds
23:22:42 INFO  : Connected to target on host '127.0.0.1' and port '3121'.
23:22:43 INFO  : 'targets -set -filter {jtag_cable_name =~ "Digilent Nexys4 210274674840A" && level==0} -index 0' command is executed.
23:22:45 INFO  : FPGA configured successfully with bitstream "D:/Universidade/cr/tp7/tp7.sdk/design_1_wrapper_hw_platform_0/download.bit"
23:22:59 INFO  : Disconnected from the channel tcfchan#1.
23:23:00 INFO  : 'targets -set -filter {jtag_cable_name =~ "Digilent Nexys4 210274674840A" && level==0} -index 0' command is executed.
23:23:00 INFO  : 'fpga -state' command is executed.
23:23:00 INFO  : Connected to target on host '127.0.0.1' and port '3121'.
23:23:01 INFO  : Jtag cable 'Digilent Nexys4 210274674840A' is selected.
23:23:01 INFO  : 'jtag frequency' command is executed.
23:23:01 INFO  : Context for processor 'microblaze_0' is selected.
23:23:01 INFO  : Processor reset is completed for 'microblaze_0'.
23:23:01 INFO  : Context for processor 'microblaze_0' is selected.
23:23:01 INFO  : The application 'D:/Universidade/cr/tp7/tp7.sdk/CountDownTimer/Debug/CountDownTimer.elf' is downloaded to processor 'microblaze_0'.
23:23:01 INFO  : ----------------XSDB Script----------------
connect -url tcp:127.0.0.1:3121
targets -set -nocase -filter {name =~ "microblaze*#0" && bscan=="USER2"  && jtag_cable_name =~ "Digilent Nexys4 210274674840A"} -index 0
rst -processor
targets -set -nocase -filter {name =~ "microblaze*#0" && bscan=="USER2"  && jtag_cable_name =~ "Digilent Nexys4 210274674840A"} -index 0
dow D:/Universidade/cr/tp7/tp7.sdk/CountDownTimer/Debug/CountDownTimer.elf
----------------End of Script----------------

23:23:01 INFO  : Memory regions updated for context MicroBlaze #0
23:23:01 INFO  : Memory regions updated for context MicroBlaze Debug Module at USER2
23:23:01 INFO  : Context for processor 'microblaze_0' is selected.
23:23:01 INFO  : 'con' command is executed.
23:23:01 INFO  : ----------------XSDB Script (After Launch)----------------
targets -set -nocase -filter {name =~ "microblaze*#0" && bscan=="USER2"  && jtag_cable_name =~ "Digilent Nexys4 210274674840A"} -index 0
con
----------------End of Script----------------

23:23:01 INFO  : Launch script is exported to file 'D:\Universidade\cr\tp7\tp7.sdk\.sdk\launch_scripts\xilinx_c-c++_application_(system_debugger)\system_debugger_using_debug_countdowntimer.elf_on_local.tcl'
23:24:20 INFO  : Connected to target on host '127.0.0.1' and port '3121'.
23:24:20 INFO  : 'targets -set -filter {jtag_cable_name =~ "Digilent Nexys4 210274674840A" && level==0} -index 0' command is executed.
23:24:22 INFO  : FPGA configured successfully with bitstream "D:/Universidade/cr/tp7/tp7.sdk/design_1_wrapper_hw_platform_0/download.bit"
23:24:40 INFO  : Disconnected from the channel tcfchan#2.
23:24:41 INFO  : 'targets -set -filter {jtag_cable_name =~ "Digilent Nexys4 210274674840A" && level==0} -index 0' command is executed.
23:24:41 INFO  : 'fpga -state' command is executed.
23:24:41 INFO  : Connected to target on host '127.0.0.1' and port '3121'.
23:24:41 INFO  : Jtag cable 'Digilent Nexys4 210274674840A' is selected.
23:24:41 INFO  : 'jtag frequency' command is executed.
23:24:41 INFO  : Context for processor 'microblaze_0' is selected.
23:24:41 INFO  : Processor reset is completed for 'microblaze_0'.
23:24:41 INFO  : Context for processor 'microblaze_0' is selected.
23:24:41 INFO  : The application 'D:/Universidade/cr/tp7/tp7.sdk/CountDownTimer/Debug/CountDownTimer.elf' is downloaded to processor 'microblaze_0'.
23:24:41 INFO  : ----------------XSDB Script----------------
connect -url tcp:127.0.0.1:3121
targets -set -nocase -filter {name =~ "microblaze*#0" && bscan=="USER2"  && jtag_cable_name =~ "Digilent Nexys4 210274674840A"} -index 0
rst -processor
targets -set -nocase -filter {name =~ "microblaze*#0" && bscan=="USER2"  && jtag_cable_name =~ "Digilent Nexys4 210274674840A"} -index 0
dow D:/Universidade/cr/tp7/tp7.sdk/CountDownTimer/Debug/CountDownTimer.elf
----------------End of Script----------------

23:24:41 INFO  : Memory regions updated for context MicroBlaze #0
23:24:41 INFO  : Memory regions updated for context MicroBlaze Debug Module at USER2
23:24:42 INFO  : Context for processor 'microblaze_0' is selected.
23:24:42 INFO  : 'con' command is executed.
23:24:42 INFO  : ----------------XSDB Script (After Launch)----------------
targets -set -nocase -filter {name =~ "microblaze*#0" && bscan=="USER2"  && jtag_cable_name =~ "Digilent Nexys4 210274674840A"} -index 0
con
----------------End of Script----------------

23:24:42 INFO  : Launch script is exported to file 'D:\Universidade\cr\tp7\tp7.sdk\.sdk\launch_scripts\xilinx_c-c++_application_(system_debugger)\system_debugger_using_debug_countdowntimer.elf_on_local.tcl'
23:26:22 INFO  : Disconnected from the channel tcfchan#3.
23:26:24 INFO  : 'targets -set -filter {jtag_cable_name =~ "Digilent Nexys4 210274674840A" && level==0} -index 0' command is executed.
23:26:24 INFO  : 'fpga -state' command is executed.
23:26:24 INFO  : Connected to target on host '127.0.0.1' and port '3121'.
23:26:24 INFO  : Jtag cable 'Digilent Nexys4 210274674840A' is selected.
23:26:24 INFO  : 'jtag frequency' command is executed.
23:26:24 INFO  : Context for processor 'microblaze_0' is selected.
23:26:24 INFO  : Processor reset is completed for 'microblaze_0'.
23:26:24 INFO  : Context for processor 'microblaze_0' is selected.
23:26:24 INFO  : The application 'D:/Universidade/cr/tp7/tp7.sdk/CountDownTimer/Debug/CountDownTimer.elf' is downloaded to processor 'microblaze_0'.
23:26:24 INFO  : ----------------XSDB Script----------------
connect -url tcp:127.0.0.1:3121
targets -set -nocase -filter {name =~ "microblaze*#0" && bscan=="USER2"  && jtag_cable_name =~ "Digilent Nexys4 210274674840A"} -index 0
rst -processor
targets -set -nocase -filter {name =~ "microblaze*#0" && bscan=="USER2"  && jtag_cable_name =~ "Digilent Nexys4 210274674840A"} -index 0
dow D:/Universidade/cr/tp7/tp7.sdk/CountDownTimer/Debug/CountDownTimer.elf
----------------End of Script----------------

23:26:24 INFO  : Memory regions updated for context MicroBlaze #0
23:26:24 INFO  : Memory regions updated for context MicroBlaze Debug Module at USER2
23:26:24 INFO  : Context for processor 'microblaze_0' is selected.
23:26:24 INFO  : 'con' command is executed.
23:26:24 INFO  : ----------------XSDB Script (After Launch)----------------
targets -set -nocase -filter {name =~ "microblaze*#0" && bscan=="USER2"  && jtag_cable_name =~ "Digilent Nexys4 210274674840A"} -index 0
con
----------------End of Script----------------

23:26:24 INFO  : Launch script is exported to file 'D:\Universidade\cr\tp7\tp7.sdk\.sdk\launch_scripts\xilinx_c-c++_application_(system_debugger)\system_debugger_using_debug_countdowntimer.elf_on_local.tcl'
23:29:04 INFO  : Disconnected from the channel tcfchan#4.
23:29:04 ERROR : Unexpected error while parsing XMD response ?: com.google.gson.JsonSyntaxException: com.google.gson.stream.MalformedJsonException: invalid number or unquoted string near 
17:31:15 INFO  : Registering command handlers for SDK TCF services
17:31:17 INFO  : Launching XSCT server: xsct.bat -interactive C:\Users\Sofs\Documents\CR\tp7\tp7.sdk\temp_xsdb_launch_script.tcl
17:31:24 INFO  : XSCT server has started successfully.
17:31:24 INFO  : Successfully done setting XSCT server connection channel  
17:31:27 INFO  : Successfully done setting SDK workspace  
17:31:27 INFO  : Processing command line option -hwspec C:/Users/Sofs/Documents/CR/tp7/tp7.sdk/design_1_wrapper.hdf.
19:05:00 INFO  : Launching XSCT server: xsct.bat -interactive C:\Users\Sofs\Documents\CR\tp7\tp7.sdk\temp_xsdb_launch_script.tcl
19:05:04 INFO  : XSCT server has started successfully.
19:05:06 INFO  : Successfully done setting XSCT server connection channel  
19:05:06 INFO  : Successfully done setting SDK workspace  
19:05:07 INFO  : Registering command handlers for SDK TCF services
19:05:10 INFO  : Processing command line option -hwspec C:/Users/Sofs/Documents/CR/tp7/tp7.sdk/design_1_wrapper.hdf.
19:05:10 INFO  : Checking for hwspec changes in the project design_1_wrapper_hw_platform_1.
19:05:10 INFO  : SDK has detected change in the last modified timestamps for source hardware specification file Source:1528308201189,  Project:1525709796563
19:05:10 INFO  : The hardware specification for project 'design_1_wrapper_hw_platform_1' is different from C:/Users/Sofs/Documents/CR/tp7/tp7.sdk/design_1_wrapper.hdf.
19:05:10 INFO  : Copied contents of C:/Users/Sofs/Documents/CR/tp7/tp7.sdk/design_1_wrapper.hdf into \design_1_wrapper_hw_platform_1\system.hdf.
19:05:11 INFO  : Synchronizing projects in the workspace with the hardware platform specification changes.
19:05:12 INFO  : Clearing existing target manager status.
19:05:12 WARN  : Given IPC port value is invalid. Using default port 2350
19:05:12 WARN  : Given XMD timeout value is invalid. Using default value of 50000
19:05:16 WARN  : Given XMD transaction timeout value is invalid. Using default value of 60000 milli seconds
19:05:17 INFO  : Workspace synchronized with the new hardware specification file. Cleaning dependent projects...
19:05:17 WARN  : Linker script will not be updated automatically. Users need to update it manually.
19:10:38 INFO  : Connected to target on host '127.0.0.1' and port '3121'.
19:10:43 INFO  : 'targets -set -filter {jtag_cable_name =~ "Digilent Nexys4 210274504829A" && level==0} -index 0' command is executed.
19:10:46 INFO  : FPGA configured successfully with bitstream "C:/Users/Sofs/Documents/CR/tp7/tp7.sdk/design_1_wrapper_hw_platform_0/download.bit"
19:13:43 INFO  : 'targets -set -filter {jtag_cable_name =~ "Digilent Nexys4 210274504829A" && level==0} -index 0' command is executed.
19:13:43 INFO  : 'fpga -state' command is executed.
19:13:44 INFO  : Connected to target on host '127.0.0.1' and port '3121'.
19:13:44 INFO  : Jtag cable 'Digilent Nexys4 210274504829A' is selected.
19:13:44 INFO  : 'jtag frequency' command is executed.
19:13:44 INFO  : Context for processor 'microblaze_0' is selected.
19:13:44 INFO  : Processor reset is completed for 'microblaze_0'.
19:13:44 INFO  : Context for processor 'microblaze_0' is selected.
19:13:44 INFO  : The application 'C:/Users/Sofs/Documents/CR/tp7/tp7.sdk/CountDownTimer/Debug/CountDownTimer.elf' is downloaded to processor 'microblaze_0'.
19:13:44 INFO  : ----------------XSDB Script----------------
connect -url tcp:127.0.0.1:3121
targets -set -nocase -filter {name =~ "microblaze*#0" && bscan=="USER2"  && jtag_cable_name =~ "Digilent Nexys4 210274504829A"} -index 0
rst -processor
targets -set -nocase -filter {name =~ "microblaze*#0" && bscan=="USER2"  && jtag_cable_name =~ "Digilent Nexys4 210274504829A"} -index 0
dow C:/Users/Sofs/Documents/CR/tp7/tp7.sdk/CountDownTimer/Debug/CountDownTimer.elf
----------------End of Script----------------

19:13:47 INFO  : Memory regions updated for context MicroBlaze #0
19:13:47 INFO  : Memory regions updated for context MicroBlaze Debug Module at USER2
19:13:47 INFO  : Context for processor 'microblaze_0' is selected.
19:13:47 INFO  : 'con' command is executed.
19:13:47 INFO  : ----------------XSDB Script (After Launch)----------------
targets -set -nocase -filter {name =~ "microblaze*#0" && bscan=="USER2"  && jtag_cable_name =~ "Digilent Nexys4 210274504829A"} -index 0
con
----------------End of Script----------------

19:13:47 INFO  : Launch script is exported to file 'C:\Users\Sofs\Documents\CR\tp7\tp7.sdk\.sdk\launch_scripts\xilinx_c-c++_application_(system_debugger)\system_debugger_using_debug_countdowntimer.elf_on_local.tcl'
19:14:51 WARN  : Given XMD transaction timeout value is invalid. Using default value of 60000 milli seconds
19:14:51 INFO  : Disconnected from the channel tcfchan#1.
19:14:59 WARN  : Given XMD transaction timeout value is invalid. Using default value of 60000 milli seconds
19:15:01 WARN  : Given XMD transaction timeout value is invalid. Using default value of 60000 milli seconds
19:15:01 WARN  : Given XMD transaction timeout value is invalid. Using default value of 60000 milli seconds
19:15:01 WARN  : Given XMD transaction timeout value is invalid. Using default value of 60000 milli seconds
19:15:01 WARN  : Given XMD transaction timeout value is invalid. Using default value of 60000 milli seconds
19:15:01 INFO  : Processor reset is completed for microblaze_0
19:15:01 WARN  : Given XMD transaction timeout value is invalid. Using default value of 60000 milli seconds
19:15:01 WARN  : Given XMD transaction timeout value is invalid. Using default value of 60000 milli seconds
19:15:02 WARN  : Given XMD transaction timeout value is invalid. Using default value of 60000 milli seconds
19:15:02 WARN  : Given XMD transaction timeout value is invalid. Using default value of 60000 milli seconds
19:15:02 WARN  : Given XMD transaction timeout value is invalid. Using default value of 60000 milli seconds
19:15:02 WARN  : Given XMD transaction timeout value is invalid. Using default value of 60000 milli seconds
19:16:05 WARN  : Given XMD transaction timeout value is invalid. Using default value of 60000 milli seconds
19:16:05 INFO  : microblaze_0 Processor is in use. Please stop existing Run or Debug sessions before launching.
19:16:07 WARN  : Given XMD transaction timeout value is invalid. Using default value of 60000 milli seconds
19:16:07 WARN  : Given XMD transaction timeout value is invalid. Using default value of 60000 milli seconds
19:16:07 WARN  : Given XMD transaction timeout value is invalid. Using default value of 60000 milli seconds
19:16:07 INFO  : Processor reset is completed for microblaze_0
19:16:08 WARN  : Given XMD transaction timeout value is invalid. Using default value of 60000 milli seconds
19:16:08 WARN  : Given XMD transaction timeout value is invalid. Using default value of 60000 milli seconds
19:16:08 WARN  : Given XMD transaction timeout value is invalid. Using default value of 60000 milli seconds
19:16:08 WARN  : Given XMD transaction timeout value is invalid. Using default value of 60000 milli seconds
19:16:08 WARN  : Given XMD transaction timeout value is invalid. Using default value of 60000 milli seconds
19:16:08 WARN  : Given XMD transaction timeout value is invalid. Using default value of 60000 milli seconds
19:22:12 WARN  : Given XMD transaction timeout value is invalid. Using default value of 60000 milli seconds
19:22:12 WARN  : Given XMD transaction timeout value is invalid. Using default value of 60000 milli seconds
19:22:12 WARN  : Given XMD transaction timeout value is invalid. Using default value of 60000 milli seconds
19:22:13 WARN  : Given XMD transaction timeout value is invalid. Using default value of 60000 milli seconds
19:22:57 WARN  : Given XMD transaction timeout value is invalid. Using default value of 60000 milli seconds
19:23:05 WARN  : Given XMD transaction timeout value is invalid. Using default value of 60000 milli seconds
19:23:05 WARN  : Given XMD transaction timeout value is invalid. Using default value of 60000 milli seconds
19:23:05 WARN  : Given XMD transaction timeout value is invalid. Using default value of 60000 milli seconds
19:23:05 WARN  : Given XMD transaction timeout value is invalid. Using default value of 60000 milli seconds
19:23:05 INFO  : Processor reset is completed for microblaze_0
19:23:06 WARN  : Given XMD transaction timeout value is invalid. Using default value of 60000 milli seconds
19:23:06 WARN  : Given XMD transaction timeout value is invalid. Using default value of 60000 milli seconds
19:23:06 WARN  : Given XMD transaction timeout value is invalid. Using default value of 60000 milli seconds
19:23:06 WARN  : Given XMD transaction timeout value is invalid. Using default value of 60000 milli seconds
19:23:06 WARN  : Given XMD transaction timeout value is invalid. Using default value of 60000 milli seconds
19:23:06 WARN  : Given XMD transaction timeout value is invalid. Using default value of 60000 milli seconds
19:23:15 WARN  : Given XMD transaction timeout value is invalid. Using default value of 60000 milli seconds
19:23:15 WARN  : Given XMD transaction timeout value is invalid. Using default value of 60000 milli seconds
19:23:15 WARN  : Given XMD transaction timeout value is invalid. Using default value of 60000 milli seconds
19:23:15 WARN  : Given XMD transaction timeout value is invalid. Using default value of 60000 milli seconds
19:47:50 WARN  : Given XMD transaction timeout value is invalid. Using default value of 60000 milli seconds
19:47:58 WARN  : Given XMD transaction timeout value is invalid. Using default value of 60000 milli seconds
19:47:58 WARN  : Given XMD transaction timeout value is invalid. Using default value of 60000 milli seconds
19:47:58 WARN  : Given XMD transaction timeout value is invalid. Using default value of 60000 milli seconds
19:47:58 WARN  : Given XMD transaction timeout value is invalid. Using default value of 60000 milli seconds
19:47:58 INFO  : Processor reset is completed for microblaze_0
19:47:59 WARN  : Given XMD transaction timeout value is invalid. Using default value of 60000 milli seconds
19:47:59 WARN  : Given XMD transaction timeout value is invalid. Using default value of 60000 milli seconds
19:47:59 WARN  : Given XMD transaction timeout value is invalid. Using default value of 60000 milli seconds
19:47:59 WARN  : Given XMD transaction timeout value is invalid. Using default value of 60000 milli seconds
19:47:59 WARN  : Given XMD transaction timeout value is invalid. Using default value of 60000 milli seconds
19:47:59 WARN  : Given XMD transaction timeout value is invalid. Using default value of 60000 milli seconds
19:48:08 WARN  : Given XMD transaction timeout value is invalid. Using default value of 60000 milli seconds
19:48:09 WARN  : Given XMD transaction timeout value is invalid. Using default value of 60000 milli seconds
19:48:09 WARN  : Given XMD transaction timeout value is invalid. Using default value of 60000 milli seconds
19:48:09 WARN  : Given XMD transaction timeout value is invalid. Using default value of 60000 milli seconds
20:03:47 ERROR : Unexpected error while parsing XMD response ?: com.google.gson.JsonSyntaxException: com.google.gson.stream.MalformedJsonException: invalid number or unquoted string near 
