
*** Running vivado
    with args -log design_1_wrapper.vds -m64 -product Vivado -mode batch -messageDb vivado.pb -notrace -source design_1_wrapper.tcl


****** Vivado v2017.4 (64-bit)
  **** SW Build 2086221 on Fri Dec 15 20:55:39 MST 2017
  **** IP Build 2085800 on Fri Dec 15 22:25:07 MST 2017
    ** Copyright 1986-2017 Xilinx, Inc. All Rights Reserved.

source design_1_wrapper.tcl -notrace
INFO: [IP_Flow 19-234] Refreshing IP repositories
WARNING: [IP_Flow 19-2248] Failed to load user IP repository 'c:/Users/Sofs/Documents/CR/ip_repo/SevenDispManager_1.0'; Can't find the specified path.
If this directory should no longer be in your list of user repositories, go to the IP Settings dialog and remove it.
INFO: [IP_Flow 19-2313] Loaded Vivado IP repository 'C:/Xilinx/Vivado/2017.4/data/ip'.
WARNING: [BD 41-1661] One or more IPs have been locked in the design 'design_1.bd'. Please run report_ip_status for more details and recommendations on how to fix this issue.
List of locked IPs:
design_1_SevenDispManager_0_0
design_1_axi_gpio_1_1
design_1_clk_wiz_1_0
design_1_axi_uartlite_0_0
design_1_rst_clk_wiz_1_100M_0
design_1_axi_gpio_0_0
design_1_axi_gpio_0_1

add_files: Time (s): cpu = 00:00:05 ; elapsed = 00:00:06 . Memory (MB): peak = 277.281 ; gain = 51.215
Command: synth_design -top design_1_wrapper -part xc7a100tcsg324-1
Starting synth_design
Attempting to get a license for feature 'Synthesis' and/or device 'xc7a100t'
INFO: [Common 17-349] Got license for feature 'Synthesis' and/or device 'xc7a100t'
INFO: Launching helper process for spawning children vivado processes
INFO: Helper process launched with PID 148484 
---------------------------------------------------------------------------------
Starting RTL Elaboration : Time (s): cpu = 00:00:07 ; elapsed = 00:00:07 . Memory (MB): peak = 386.742 ; gain = 102.551
---------------------------------------------------------------------------------
INFO: [Synth 8-638] synthesizing module 'design_1_wrapper' [C:/Users/Sofs/Documents/CR/tp7/tp7.srcs/sources_1/bd/design_1/hdl/design_1_wrapper.vhd:29]
INFO: [Synth 8-3491] module 'design_1' declared at 'C:/Users/Sofs/Documents/CR/tp7/tp7.srcs/sources_1/bd/design_1/synth/design_1.vhd:2322' bound to instance 'design_1_i' of component 'design_1' [C:/Users/Sofs/Documents/CR/tp7/tp7.srcs/sources_1/bd/design_1/hdl/design_1_wrapper.vhd:119]
INFO: [Synth 8-638] synthesizing module 'design_1' [C:/Users/Sofs/Documents/CR/tp7/tp7.srcs/sources_1/bd/design_1/synth/design_1.vhd:2343]
INFO: [Synth 8-3491] module 'design_1_SevenDispManager_0_0' declared at 'C:/Users/Sofs/Documents/CR/tp7/tp7.runs/synth_1/.Xil/Vivado-141660-DESKTOP-CV3V2L5/realtime/design_1_SevenDispManager_0_0_stub.vhdl:5' bound to instance 'SevenDispManager_0' of component 'design_1_SevenDispManager_0_0' [C:/Users/Sofs/Documents/CR/tp7/tp7.srcs/sources_1/bd/design_1/synth/design_1.vhd:2820]
INFO: [Synth 8-638] synthesizing module 'design_1_SevenDispManager_0_0' [C:/Users/Sofs/Documents/CR/tp7/tp7.runs/synth_1/.Xil/Vivado-141660-DESKTOP-CV3V2L5/realtime/design_1_SevenDispManager_0_0_stub.vhdl:35]
INFO: [Synth 8-3491] module 'design_1_axi_gpio_0_0' declared at 'C:/Users/Sofs/Documents/CR/tp7/tp7.runs/synth_1/.Xil/Vivado-141660-DESKTOP-CV3V2L5/realtime/design_1_axi_gpio_0_0_stub.vhdl:5' bound to instance 'axi_gpio_btn' of component 'design_1_axi_gpio_0_0' [C:/Users/Sofs/Documents/CR/tp7/tp7.srcs/sources_1/bd/design_1/synth/design_1.vhd:2847]
INFO: [Synth 8-638] synthesizing module 'design_1_axi_gpio_0_0' [C:/Users/Sofs/Documents/CR/tp7/tp7.runs/synth_1/.Xil/Vivado-141660-DESKTOP-CV3V2L5/realtime/design_1_axi_gpio_0_0_stub.vhdl:32]
INFO: [Synth 8-3491] module 'design_1_axi_gpio_1_1' declared at 'C:/Users/Sofs/Documents/CR/tp7/tp7.runs/synth_1/.Xil/Vivado-141660-DESKTOP-CV3V2L5/realtime/design_1_axi_gpio_1_1_stub.vhdl:5' bound to instance 'axi_gpio_led' of component 'design_1_axi_gpio_1_1' [C:/Users/Sofs/Documents/CR/tp7/tp7.srcs/sources_1/bd/design_1/synth/design_1.vhd:2871]
INFO: [Synth 8-638] synthesizing module 'design_1_axi_gpio_1_1' [C:/Users/Sofs/Documents/CR/tp7/tp7.runs/synth_1/.Xil/Vivado-141660-DESKTOP-CV3V2L5/realtime/design_1_axi_gpio_1_1_stub.vhdl:33]
INFO: [Synth 8-3491] module 'design_1_axi_gpio_0_1' declared at 'C:/Users/Sofs/Documents/CR/tp7/tp7.runs/synth_1/.Xil/Vivado-141660-DESKTOP-CV3V2L5/realtime/design_1_axi_gpio_0_1_stub.vhdl:5' bound to instance 'axi_gpio_sw' of component 'design_1_axi_gpio_0_1' [C:/Users/Sofs/Documents/CR/tp7/tp7.srcs/sources_1/bd/design_1/synth/design_1.vhd:2896]
INFO: [Synth 8-638] synthesizing module 'design_1_axi_gpio_0_1' [C:/Users/Sofs/Documents/CR/tp7/tp7.runs/synth_1/.Xil/Vivado-141660-DESKTOP-CV3V2L5/realtime/design_1_axi_gpio_0_1_stub.vhdl:31]
INFO: [Synth 8-3491] module 'design_1_axi_uartlite_0_0' declared at 'C:/Users/Sofs/Documents/CR/tp7/tp7.runs/synth_1/.Xil/Vivado-141660-DESKTOP-CV3V2L5/realtime/design_1_axi_uartlite_0_0_stub.vhdl:5' bound to instance 'axi_uartlite_0' of component 'design_1_axi_uartlite_0_0' [C:/Users/Sofs/Documents/CR/tp7/tp7.srcs/sources_1/bd/design_1/synth/design_1.vhd:2919]
INFO: [Synth 8-638] synthesizing module 'design_1_axi_uartlite_0_0' [C:/Users/Sofs/Documents/CR/tp7/tp7.runs/synth_1/.Xil/Vivado-141660-DESKTOP-CV3V2L5/realtime/design_1_axi_uartlite_0_0_stub.vhdl:33]
INFO: [Synth 8-3491] module 'design_1_clk_wiz_1_0' declared at 'C:/Users/Sofs/Documents/CR/tp7/tp7.runs/synth_1/.Xil/Vivado-141660-DESKTOP-CV3V2L5/realtime/design_1_clk_wiz_1_0_stub.vhdl:5' bound to instance 'clk_wiz_1' of component 'design_1_clk_wiz_1_0' [C:/Users/Sofs/Documents/CR/tp7/tp7.srcs/sources_1/bd/design_1/synth/design_1.vhd:2944]
INFO: [Synth 8-638] synthesizing module 'design_1_clk_wiz_1_0' [C:/Users/Sofs/Documents/CR/tp7/tp7.runs/synth_1/.Xil/Vivado-141660-DESKTOP-CV3V2L5/realtime/design_1_clk_wiz_1_0_stub.vhdl:15]
INFO: [Synth 8-3491] module 'design_1_mdm_1_0' declared at 'C:/Users/Sofs/Documents/CR/tp7/tp7.runs/synth_1/.Xil/Vivado-141660-DESKTOP-CV3V2L5/realtime/design_1_mdm_1_0_stub.vhdl:5' bound to instance 'mdm_1' of component 'design_1_mdm_1_0' [C:/Users/Sofs/Documents/CR/tp7/tp7.srcs/sources_1/bd/design_1/synth/design_1.vhd:2951]
INFO: [Synth 8-638] synthesizing module 'design_1_mdm_1_0' [C:/Users/Sofs/Documents/CR/tp7/tp7.runs/synth_1/.Xil/Vivado-141660-DESKTOP-CV3V2L5/realtime/design_1_mdm_1_0_stub.vhdl:21]
INFO: [Synth 8-3491] module 'design_1_microblaze_0_0' declared at 'C:/Users/Sofs/Documents/CR/tp7/tp7.runs/synth_1/.Xil/Vivado-141660-DESKTOP-CV3V2L5/realtime/design_1_microblaze_0_0_stub.vhdl:5' bound to instance 'microblaze_0' of component 'design_1_microblaze_0_0' [C:/Users/Sofs/Documents/CR/tp7/tp7.srcs/sources_1/bd/design_1/synth/design_1.vhd:2964]
INFO: [Synth 8-638] synthesizing module 'design_1_microblaze_0_0' [C:/Users/Sofs/Documents/CR/tp7/tp7.runs/synth_1/.Xil/Vivado-141660-DESKTOP-CV3V2L5/realtime/design_1_microblaze_0_0_stub.vhdl:63]
INFO: [Synth 8-3491] module 'design_1_microblaze_0_axi_intc_0' declared at 'C:/Users/Sofs/Documents/CR/tp7/tp7.runs/synth_1/.Xil/Vivado-141660-DESKTOP-CV3V2L5/realtime/design_1_microblaze_0_axi_intc_0_stub.vhdl:5' bound to instance 'microblaze_0_axi_intc' of component 'design_1_microblaze_0_axi_intc_0' [C:/Users/Sofs/Documents/CR/tp7/tp7.srcs/sources_1/bd/design_1/synth/design_1.vhd:3050]
INFO: [Synth 8-638] synthesizing module 'design_1_microblaze_0_axi_intc_0' [C:/Users/Sofs/Documents/CR/tp7/tp7.runs/synth_1/.Xil/Vivado-141660-DESKTOP-CV3V2L5/realtime/design_1_microblaze_0_axi_intc_0_stub.vhdl:36]
INFO: [Synth 8-638] synthesizing module 'design_1_microblaze_0_axi_periph_0' [C:/Users/Sofs/Documents/CR/tp7/tp7.srcs/sources_1/bd/design_1/synth/design_1.vhd:1443]
INFO: [Synth 8-638] synthesizing module 'm00_couplers_imp_8RVYHO' [C:/Users/Sofs/Documents/CR/tp7/tp7.srcs/sources_1/bd/design_1/synth/design_1.vhd:57]
INFO: [Synth 8-256] done synthesizing module 'm00_couplers_imp_8RVYHO' (1#1) [C:/Users/Sofs/Documents/CR/tp7/tp7.srcs/sources_1/bd/design_1/synth/design_1.vhd:57]
INFO: [Synth 8-638] synthesizing module 'm01_couplers_imp_1UTB3Y5' [C:/Users/Sofs/Documents/CR/tp7/tp7.srcs/sources_1/bd/design_1/synth/design_1.vhd:158]
INFO: [Synth 8-256] done synthesizing module 'm01_couplers_imp_1UTB3Y5' (2#1) [C:/Users/Sofs/Documents/CR/tp7/tp7.srcs/sources_1/bd/design_1/synth/design_1.vhd:158]
INFO: [Synth 8-638] synthesizing module 'm02_couplers_imp_7ANRHB' [C:/Users/Sofs/Documents/CR/tp7/tp7.srcs/sources_1/bd/design_1/synth/design_1.vhd:259]
INFO: [Synth 8-256] done synthesizing module 'm02_couplers_imp_7ANRHB' (3#1) [C:/Users/Sofs/Documents/CR/tp7/tp7.srcs/sources_1/bd/design_1/synth/design_1.vhd:259]
INFO: [Synth 8-638] synthesizing module 'm03_couplers_imp_1W07O72' [C:/Users/Sofs/Documents/CR/tp7/tp7.srcs/sources_1/bd/design_1/synth/design_1.vhd:360]
INFO: [Synth 8-256] done synthesizing module 'm03_couplers_imp_1W07O72' (4#1) [C:/Users/Sofs/Documents/CR/tp7/tp7.srcs/sources_1/bd/design_1/synth/design_1.vhd:360]
INFO: [Synth 8-638] synthesizing module 'm04_couplers_imp_5LX7BU' [C:/Users/Sofs/Documents/CR/tp7/tp7.srcs/sources_1/bd/design_1/synth/design_1.vhd:461]
INFO: [Synth 8-256] done synthesizing module 'm04_couplers_imp_5LX7BU' (5#1) [C:/Users/Sofs/Documents/CR/tp7/tp7.srcs/sources_1/bd/design_1/synth/design_1.vhd:461]
INFO: [Synth 8-638] synthesizing module 'm05_couplers_imp_1XR4ZAZ' [C:/Users/Sofs/Documents/CR/tp7/tp7.srcs/sources_1/bd/design_1/synth/design_1.vhd:566]
INFO: [Synth 8-256] done synthesizing module 'm05_couplers_imp_1XR4ZAZ' (6#1) [C:/Users/Sofs/Documents/CR/tp7/tp7.srcs/sources_1/bd/design_1/synth/design_1.vhd:566]
INFO: [Synth 8-638] synthesizing module 's00_couplers_imp_1RZP34U' [C:/Users/Sofs/Documents/CR/tp7/tp7.srcs/sources_1/bd/design_1/synth/design_1.vhd:1235]
INFO: [Synth 8-256] done synthesizing module 's00_couplers_imp_1RZP34U' (7#1) [C:/Users/Sofs/Documents/CR/tp7/tp7.srcs/sources_1/bd/design_1/synth/design_1.vhd:1235]
INFO: [Synth 8-3491] module 'design_1_xbar_0' declared at 'C:/Users/Sofs/Documents/CR/tp7/tp7.runs/synth_1/.Xil/Vivado-141660-DESKTOP-CV3V2L5/realtime/design_1_xbar_0_stub.vhdl:5' bound to instance 'xbar' of component 'design_1_xbar_0' [C:/Users/Sofs/Documents/CR/tp7/tp7.srcs/sources_1/bd/design_1/synth/design_1.vhd:2187]
INFO: [Synth 8-638] synthesizing module 'design_1_xbar_0' [C:/Users/Sofs/Documents/CR/tp7/tp7.runs/synth_1/.Xil/Vivado-141660-DESKTOP-CV3V2L5/realtime/design_1_xbar_0_stub.vhdl:51]
INFO: [Synth 8-256] done synthesizing module 'design_1_microblaze_0_axi_periph_0' (8#1) [C:/Users/Sofs/Documents/CR/tp7/tp7.srcs/sources_1/bd/design_1/synth/design_1.vhd:1443]
INFO: [Synth 8-638] synthesizing module 'microblaze_0_local_memory_imp_1K0VQXK' [C:/Users/Sofs/Documents/CR/tp7/tp7.srcs/sources_1/bd/design_1/synth/design_1.vhd:656]
INFO: [Synth 8-3491] module 'design_1_dlmb_bram_if_cntlr_0' declared at 'C:/Users/Sofs/Documents/CR/tp7/tp7.runs/synth_1/.Xil/Vivado-141660-DESKTOP-CV3V2L5/realtime/design_1_dlmb_bram_if_cntlr_0_stub.vhdl:5' bound to instance 'dlmb_bram_if_cntlr' of component 'design_1_dlmb_bram_if_cntlr_0' [C:/Users/Sofs/Documents/CR/tp7/tp7.srcs/sources_1/bd/design_1/synth/design_1.vhd:870]
INFO: [Synth 8-638] synthesizing module 'design_1_dlmb_bram_if_cntlr_0' [C:/Users/Sofs/Documents/CR/tp7/tp7.runs/synth_1/.Xil/Vivado-141660-DESKTOP-CV3V2L5/realtime/design_1_dlmb_bram_if_cntlr_0_stub.vhdl:31]
INFO: [Synth 8-3491] module 'design_1_dlmb_v10_0' declared at 'C:/Users/Sofs/Documents/CR/tp7/tp7.runs/synth_1/.Xil/Vivado-141660-DESKTOP-CV3V2L5/realtime/design_1_dlmb_v10_0_stub.vhdl:5' bound to instance 'dlmb_v10' of component 'design_1_dlmb_v10_0' [C:/Users/Sofs/Documents/CR/tp7/tp7.srcs/sources_1/bd/design_1/synth/design_1.vhd:924]
INFO: [Synth 8-638] synthesizing module 'design_1_dlmb_v10_0' [C:/Users/Sofs/Documents/CR/tp7/tp7.runs/synth_1/.Xil/Vivado-141660-DESKTOP-CV3V2L5/realtime/design_1_dlmb_v10_0_stub.vhdl:36]
INFO: [Synth 8-3491] module 'design_1_ilmb_bram_if_cntlr_0' declared at 'C:/Users/Sofs/Documents/CR/tp7/tp7.runs/synth_1/.Xil/Vivado-141660-DESKTOP-CV3V2L5/realtime/design_1_ilmb_bram_if_cntlr_0_stub.vhdl:5' bound to instance 'ilmb_bram_if_cntlr' of component 'design_1_ilmb_bram_if_cntlr_0' [C:/Users/Sofs/Documents/CR/tp7/tp7.srcs/sources_1/bd/design_1/synth/design_1.vhd:952]
INFO: [Synth 8-638] synthesizing module 'design_1_ilmb_bram_if_cntlr_0' [C:/Users/Sofs/Documents/CR/tp7/tp7.runs/synth_1/.Xil/Vivado-141660-DESKTOP-CV3V2L5/realtime/design_1_ilmb_bram_if_cntlr_0_stub.vhdl:31]
INFO: [Synth 8-3491] module 'design_1_ilmb_v10_0' declared at 'C:/Users/Sofs/Documents/CR/tp7/tp7.runs/synth_1/.Xil/Vivado-141660-DESKTOP-CV3V2L5/realtime/design_1_ilmb_v10_0_stub.vhdl:5' bound to instance 'ilmb_v10' of component 'design_1_ilmb_v10_0' [C:/Users/Sofs/Documents/CR/tp7/tp7.srcs/sources_1/bd/design_1/synth/design_1.vhd:1006]
INFO: [Synth 8-638] synthesizing module 'design_1_ilmb_v10_0' [C:/Users/Sofs/Documents/CR/tp7/tp7.runs/synth_1/.Xil/Vivado-141660-DESKTOP-CV3V2L5/realtime/design_1_ilmb_v10_0_stub.vhdl:36]
INFO: [Synth 8-3491] module 'design_1_lmb_bram_0' declared at 'C:/Users/Sofs/Documents/CR/tp7/tp7.runs/synth_1/.Xil/Vivado-141660-DESKTOP-CV3V2L5/realtime/design_1_lmb_bram_0_stub.vhdl:5' bound to instance 'lmb_bram' of component 'design_1_lmb_bram_0' [C:/Users/Sofs/Documents/CR/tp7/tp7.srcs/sources_1/bd/design_1/synth/design_1.vhd:1034]
INFO: [Synth 8-638] synthesizing module 'design_1_lmb_bram_0' [C:/Users/Sofs/Documents/CR/tp7/tp7.runs/synth_1/.Xil/Vivado-141660-DESKTOP-CV3V2L5/realtime/design_1_lmb_bram_0_stub.vhdl:27]
INFO: [Synth 8-256] done synthesizing module 'microblaze_0_local_memory_imp_1K0VQXK' (9#1) [C:/Users/Sofs/Documents/CR/tp7/tp7.srcs/sources_1/bd/design_1/synth/design_1.vhd:656]
INFO: [Synth 8-3491] module 'design_1_microblaze_0_xlconcat_0' declared at 'C:/Users/Sofs/Documents/CR/tp7/tp7.runs/synth_1/.Xil/Vivado-141660-DESKTOP-CV3V2L5/realtime/design_1_microblaze_0_xlconcat_0_stub.vhdl:5' bound to instance 'microblaze_0_xlconcat' of component 'design_1_microblaze_0_xlconcat_0' [C:/Users/Sofs/Documents/CR/tp7/tp7.srcs/sources_1/bd/design_1/synth/design_1.vhd:3245]
INFO: [Synth 8-638] synthesizing module 'design_1_microblaze_0_xlconcat_0' [C:/Users/Sofs/Documents/CR/tp7/tp7.runs/synth_1/.Xil/Vivado-141660-DESKTOP-CV3V2L5/realtime/design_1_microblaze_0_xlconcat_0_stub.vhdl:14]
INFO: [Synth 8-3491] module 'design_1_rst_clk_wiz_1_100M_0' declared at 'C:/Users/Sofs/Documents/CR/tp7/tp7.runs/synth_1/.Xil/Vivado-141660-DESKTOP-CV3V2L5/realtime/design_1_rst_clk_wiz_1_100M_0_stub.vhdl:5' bound to instance 'rst_clk_wiz_1_100M' of component 'design_1_rst_clk_wiz_1_100M_0' [C:/Users/Sofs/Documents/CR/tp7/tp7.srcs/sources_1/bd/design_1/synth/design_1.vhd:3251]
INFO: [Synth 8-638] synthesizing module 'design_1_rst_clk_wiz_1_100M_0' [C:/Users/Sofs/Documents/CR/tp7/tp7.runs/synth_1/.Xil/Vivado-141660-DESKTOP-CV3V2L5/realtime/design_1_rst_clk_wiz_1_100M_0_stub.vhdl:21]
INFO: [Synth 8-3491] module 'design_1_xlconstant_0_0' declared at 'C:/Users/Sofs/Documents/CR/tp7/tp7.runs/synth_1/.Xil/Vivado-141660-DESKTOP-CV3V2L5/realtime/design_1_xlconstant_0_0_stub.vhdl:5' bound to instance 'xlconstant_0' of component 'design_1_xlconstant_0_0' [C:/Users/Sofs/Documents/CR/tp7/tp7.srcs/sources_1/bd/design_1/synth/design_1.vhd:3264]
INFO: [Synth 8-638] synthesizing module 'design_1_xlconstant_0_0' [C:/Users/Sofs/Documents/CR/tp7/tp7.runs/synth_1/.Xil/Vivado-141660-DESKTOP-CV3V2L5/realtime/design_1_xlconstant_0_0_stub.vhdl:12]
INFO: [Synth 8-256] done synthesizing module 'design_1' (10#1) [C:/Users/Sofs/Documents/CR/tp7/tp7.srcs/sources_1/bd/design_1/synth/design_1.vhd:2343]
INFO: [Synth 8-3491] module 'IOBUF' declared at 'C:/Xilinx/Vivado/2017.4/scripts/rt/data/unisim_comp.v:22655' bound to instance 'led_16bits_tri_iobuf_0' of component 'IOBUF' [C:/Users/Sofs/Documents/CR/tp7/tp7.srcs/sources_1/bd/design_1/hdl/design_1_wrapper.vhd:179]
INFO: [Synth 8-638] synthesizing module 'IOBUF' [C:/Xilinx/Vivado/2017.4/scripts/rt/data/unisim_comp.v:22655]
	Parameter DRIVE bound to: 12 - type: integer 
	Parameter IBUF_LOW_PWR bound to: TRUE - type: string 
	Parameter IOSTANDARD bound to: DEFAULT - type: string 
	Parameter SLEW bound to: SLOW - type: string 
INFO: [Synth 8-256] done synthesizing module 'IOBUF' (11#1) [C:/Xilinx/Vivado/2017.4/scripts/rt/data/unisim_comp.v:22655]
INFO: [Synth 8-3491] module 'IOBUF' declared at 'C:/Xilinx/Vivado/2017.4/scripts/rt/data/unisim_comp.v:22655' bound to instance 'led_16bits_tri_iobuf_1' of component 'IOBUF' [C:/Users/Sofs/Documents/CR/tp7/tp7.srcs/sources_1/bd/design_1/hdl/design_1_wrapper.vhd:186]
INFO: [Synth 8-3491] module 'IOBUF' declared at 'C:/Xilinx/Vivado/2017.4/scripts/rt/data/unisim_comp.v:22655' bound to instance 'led_16bits_tri_iobuf_10' of component 'IOBUF' [C:/Users/Sofs/Documents/CR/tp7/tp7.srcs/sources_1/bd/design_1/hdl/design_1_wrapper.vhd:193]
INFO: [Synth 8-3491] module 'IOBUF' declared at 'C:/Xilinx/Vivado/2017.4/scripts/rt/data/unisim_comp.v:22655' bound to instance 'led_16bits_tri_iobuf_11' of component 'IOBUF' [C:/Users/Sofs/Documents/CR/tp7/tp7.srcs/sources_1/bd/design_1/hdl/design_1_wrapper.vhd:200]
INFO: [Synth 8-3491] module 'IOBUF' declared at 'C:/Xilinx/Vivado/2017.4/scripts/rt/data/unisim_comp.v:22655' bound to instance 'led_16bits_tri_iobuf_12' of component 'IOBUF' [C:/Users/Sofs/Documents/CR/tp7/tp7.srcs/sources_1/bd/design_1/hdl/design_1_wrapper.vhd:207]
INFO: [Synth 8-3491] module 'IOBUF' declared at 'C:/Xilinx/Vivado/2017.4/scripts/rt/data/unisim_comp.v:22655' bound to instance 'led_16bits_tri_iobuf_13' of component 'IOBUF' [C:/Users/Sofs/Documents/CR/tp7/tp7.srcs/sources_1/bd/design_1/hdl/design_1_wrapper.vhd:214]
INFO: [Synth 8-3491] module 'IOBUF' declared at 'C:/Xilinx/Vivado/2017.4/scripts/rt/data/unisim_comp.v:22655' bound to instance 'led_16bits_tri_iobuf_14' of component 'IOBUF' [C:/Users/Sofs/Documents/CR/tp7/tp7.srcs/sources_1/bd/design_1/hdl/design_1_wrapper.vhd:221]
INFO: [Synth 8-3491] module 'IOBUF' declared at 'C:/Xilinx/Vivado/2017.4/scripts/rt/data/unisim_comp.v:22655' bound to instance 'led_16bits_tri_iobuf_15' of component 'IOBUF' [C:/Users/Sofs/Documents/CR/tp7/tp7.srcs/sources_1/bd/design_1/hdl/design_1_wrapper.vhd:228]
INFO: [Synth 8-3491] module 'IOBUF' declared at 'C:/Xilinx/Vivado/2017.4/scripts/rt/data/unisim_comp.v:22655' bound to instance 'led_16bits_tri_iobuf_2' of component 'IOBUF' [C:/Users/Sofs/Documents/CR/tp7/tp7.srcs/sources_1/bd/design_1/hdl/design_1_wrapper.vhd:235]
INFO: [Synth 8-3491] module 'IOBUF' declared at 'C:/Xilinx/Vivado/2017.4/scripts/rt/data/unisim_comp.v:22655' bound to instance 'led_16bits_tri_iobuf_3' of component 'IOBUF' [C:/Users/Sofs/Documents/CR/tp7/tp7.srcs/sources_1/bd/design_1/hdl/design_1_wrapper.vhd:242]
INFO: [Synth 8-3491] module 'IOBUF' declared at 'C:/Xilinx/Vivado/2017.4/scripts/rt/data/unisim_comp.v:22655' bound to instance 'led_16bits_tri_iobuf_4' of component 'IOBUF' [C:/Users/Sofs/Documents/CR/tp7/tp7.srcs/sources_1/bd/design_1/hdl/design_1_wrapper.vhd:249]
INFO: [Synth 8-3491] module 'IOBUF' declared at 'C:/Xilinx/Vivado/2017.4/scripts/rt/data/unisim_comp.v:22655' bound to instance 'led_16bits_tri_iobuf_5' of component 'IOBUF' [C:/Users/Sofs/Documents/CR/tp7/tp7.srcs/sources_1/bd/design_1/hdl/design_1_wrapper.vhd:256]
INFO: [Synth 8-3491] module 'IOBUF' declared at 'C:/Xilinx/Vivado/2017.4/scripts/rt/data/unisim_comp.v:22655' bound to instance 'led_16bits_tri_iobuf_6' of component 'IOBUF' [C:/Users/Sofs/Documents/CR/tp7/tp7.srcs/sources_1/bd/design_1/hdl/design_1_wrapper.vhd:263]
INFO: [Synth 8-3491] module 'IOBUF' declared at 'C:/Xilinx/Vivado/2017.4/scripts/rt/data/unisim_comp.v:22655' bound to instance 'led_16bits_tri_iobuf_7' of component 'IOBUF' [C:/Users/Sofs/Documents/CR/tp7/tp7.srcs/sources_1/bd/design_1/hdl/design_1_wrapper.vhd:270]
INFO: [Synth 8-3491] module 'IOBUF' declared at 'C:/Xilinx/Vivado/2017.4/scripts/rt/data/unisim_comp.v:22655' bound to instance 'led_16bits_tri_iobuf_8' of component 'IOBUF' [C:/Users/Sofs/Documents/CR/tp7/tp7.srcs/sources_1/bd/design_1/hdl/design_1_wrapper.vhd:277]
INFO: [Synth 8-3491] module 'IOBUF' declared at 'C:/Xilinx/Vivado/2017.4/scripts/rt/data/unisim_comp.v:22655' bound to instance 'led_16bits_tri_iobuf_9' of component 'IOBUF' [C:/Users/Sofs/Documents/CR/tp7/tp7.srcs/sources_1/bd/design_1/hdl/design_1_wrapper.vhd:284]
INFO: [Synth 8-256] done synthesizing module 'design_1_wrapper' (12#1) [C:/Users/Sofs/Documents/CR/tp7/tp7.srcs/sources_1/bd/design_1/hdl/design_1_wrapper.vhd:29]
WARNING: [Synth 8-3331] design s00_couplers_imp_1RZP34U has unconnected port M_ACLK
WARNING: [Synth 8-3331] design s00_couplers_imp_1RZP34U has unconnected port M_ARESETN
WARNING: [Synth 8-3331] design s00_couplers_imp_1RZP34U has unconnected port S_ACLK
WARNING: [Synth 8-3331] design s00_couplers_imp_1RZP34U has unconnected port S_ARESETN
WARNING: [Synth 8-3331] design m05_couplers_imp_1XR4ZAZ has unconnected port M_ACLK
WARNING: [Synth 8-3331] design m05_couplers_imp_1XR4ZAZ has unconnected port M_ARESETN
WARNING: [Synth 8-3331] design m05_couplers_imp_1XR4ZAZ has unconnected port S_ACLK
WARNING: [Synth 8-3331] design m05_couplers_imp_1XR4ZAZ has unconnected port S_ARESETN
WARNING: [Synth 8-3331] design m04_couplers_imp_5LX7BU has unconnected port M_ACLK
WARNING: [Synth 8-3331] design m04_couplers_imp_5LX7BU has unconnected port M_ARESETN
WARNING: [Synth 8-3331] design m04_couplers_imp_5LX7BU has unconnected port S_ACLK
WARNING: [Synth 8-3331] design m04_couplers_imp_5LX7BU has unconnected port S_ARESETN
WARNING: [Synth 8-3331] design m03_couplers_imp_1W07O72 has unconnected port M_ACLK
WARNING: [Synth 8-3331] design m03_couplers_imp_1W07O72 has unconnected port M_ARESETN
WARNING: [Synth 8-3331] design m03_couplers_imp_1W07O72 has unconnected port S_ACLK
WARNING: [Synth 8-3331] design m03_couplers_imp_1W07O72 has unconnected port S_ARESETN
WARNING: [Synth 8-3331] design m02_couplers_imp_7ANRHB has unconnected port M_ACLK
WARNING: [Synth 8-3331] design m02_couplers_imp_7ANRHB has unconnected port M_ARESETN
WARNING: [Synth 8-3331] design m02_couplers_imp_7ANRHB has unconnected port S_ACLK
WARNING: [Synth 8-3331] design m02_couplers_imp_7ANRHB has unconnected port S_ARESETN
WARNING: [Synth 8-3331] design m01_couplers_imp_1UTB3Y5 has unconnected port M_ACLK
WARNING: [Synth 8-3331] design m01_couplers_imp_1UTB3Y5 has unconnected port M_ARESETN
WARNING: [Synth 8-3331] design m01_couplers_imp_1UTB3Y5 has unconnected port S_ACLK
WARNING: [Synth 8-3331] design m01_couplers_imp_1UTB3Y5 has unconnected port S_ARESETN
WARNING: [Synth 8-3331] design m00_couplers_imp_8RVYHO has unconnected port M_ACLK
WARNING: [Synth 8-3331] design m00_couplers_imp_8RVYHO has unconnected port M_ARESETN
WARNING: [Synth 8-3331] design m00_couplers_imp_8RVYHO has unconnected port S_ACLK
WARNING: [Synth 8-3331] design m00_couplers_imp_8RVYHO has unconnected port S_ARESETN
---------------------------------------------------------------------------------
Finished RTL Elaboration : Time (s): cpu = 00:00:09 ; elapsed = 00:00:09 . Memory (MB): peak = 441.426 ; gain = 157.234
---------------------------------------------------------------------------------

Report Check Netlist: 
+------+------------------+-------+---------+-------+------------------+
|      |Item              |Errors |Warnings |Status |Description       |
+------+------------------+-------+---------+-------+------------------+
|1     |multi_driven_nets |      0|        0|Passed |Multi driven nets |
+------+------------------+-------+---------+-------+------------------+
---------------------------------------------------------------------------------
Finished RTL Optimization Phase 1 : Time (s): cpu = 00:00:09 ; elapsed = 00:00:09 . Memory (MB): peak = 441.426 ; gain = 157.234
---------------------------------------------------------------------------------
INFO: [Netlist 29-17] Analyzing 16 Unisim elements for replacement
INFO: [Netlist 29-28] Unisim Transformation completed in 0 CPU seconds
INFO: [Device 21-403] Loading part xc7a100tcsg324-1
INFO: [Project 1-570] Preparing netlist for logic optimization

Processing XDC Constraints
Initializing timing engine
Parsing XDC File [C:/Users/Sofs/Documents/CR/tp7/tp7.runs/synth_1/.Xil/Vivado-141660-DESKTOP-CV3V2L5/dcp18/design_1_microblaze_0_0_in_context.xdc] for cell 'design_1_i/microblaze_0'
Finished Parsing XDC File [C:/Users/Sofs/Documents/CR/tp7/tp7.runs/synth_1/.Xil/Vivado-141660-DESKTOP-CV3V2L5/dcp18/design_1_microblaze_0_0_in_context.xdc] for cell 'design_1_i/microblaze_0'
Parsing XDC File [C:/Users/Sofs/Documents/CR/tp7/tp7.runs/synth_1/.Xil/Vivado-141660-DESKTOP-CV3V2L5/dcp19/design_1_microblaze_0_axi_intc_0_in_context.xdc] for cell 'design_1_i/microblaze_0_axi_intc'
Finished Parsing XDC File [C:/Users/Sofs/Documents/CR/tp7/tp7.runs/synth_1/.Xil/Vivado-141660-DESKTOP-CV3V2L5/dcp19/design_1_microblaze_0_axi_intc_0_in_context.xdc] for cell 'design_1_i/microblaze_0_axi_intc'
Parsing XDC File [C:/Users/Sofs/Documents/CR/tp7/tp7.runs/synth_1/.Xil/Vivado-141660-DESKTOP-CV3V2L5/dcp20/design_1_microblaze_0_xlconcat_0_in_context.xdc] for cell 'design_1_i/microblaze_0_xlconcat'
Finished Parsing XDC File [C:/Users/Sofs/Documents/CR/tp7/tp7.runs/synth_1/.Xil/Vivado-141660-DESKTOP-CV3V2L5/dcp20/design_1_microblaze_0_xlconcat_0_in_context.xdc] for cell 'design_1_i/microblaze_0_xlconcat'
Parsing XDC File [C:/Users/Sofs/Documents/CR/tp7/tp7.runs/synth_1/.Xil/Vivado-141660-DESKTOP-CV3V2L5/dcp21/design_1_mdm_1_0_in_context.xdc] for cell 'design_1_i/mdm_1'
Finished Parsing XDC File [C:/Users/Sofs/Documents/CR/tp7/tp7.runs/synth_1/.Xil/Vivado-141660-DESKTOP-CV3V2L5/dcp21/design_1_mdm_1_0_in_context.xdc] for cell 'design_1_i/mdm_1'
Parsing XDC File [C:/Users/Sofs/Documents/CR/tp7/tp7.runs/synth_1/.Xil/Vivado-141660-DESKTOP-CV3V2L5/dcp22/design_1_clk_wiz_1_0_in_context.xdc] for cell 'design_1_i/clk_wiz_1'
Finished Parsing XDC File [C:/Users/Sofs/Documents/CR/tp7/tp7.runs/synth_1/.Xil/Vivado-141660-DESKTOP-CV3V2L5/dcp22/design_1_clk_wiz_1_0_in_context.xdc] for cell 'design_1_i/clk_wiz_1'
Parsing XDC File [C:/Users/Sofs/Documents/CR/tp7/tp7.runs/synth_1/.Xil/Vivado-141660-DESKTOP-CV3V2L5/dcp23/design_1_rst_clk_wiz_1_100M_0_in_context.xdc] for cell 'design_1_i/rst_clk_wiz_1_100M'
Finished Parsing XDC File [C:/Users/Sofs/Documents/CR/tp7/tp7.runs/synth_1/.Xil/Vivado-141660-DESKTOP-CV3V2L5/dcp23/design_1_rst_clk_wiz_1_100M_0_in_context.xdc] for cell 'design_1_i/rst_clk_wiz_1_100M'
Parsing XDC File [C:/Users/Sofs/Documents/CR/tp7/tp7.runs/synth_1/.Xil/Vivado-141660-DESKTOP-CV3V2L5/dcp24/design_1_axi_uartlite_0_0_in_context.xdc] for cell 'design_1_i/axi_uartlite_0'
Finished Parsing XDC File [C:/Users/Sofs/Documents/CR/tp7/tp7.runs/synth_1/.Xil/Vivado-141660-DESKTOP-CV3V2L5/dcp24/design_1_axi_uartlite_0_0_in_context.xdc] for cell 'design_1_i/axi_uartlite_0'
Parsing XDC File [C:/Users/Sofs/Documents/CR/tp7/tp7.runs/synth_1/.Xil/Vivado-141660-DESKTOP-CV3V2L5/dcp25/design_1_axi_gpio_0_0_in_context.xdc] for cell 'design_1_i/axi_gpio_btn'
Finished Parsing XDC File [C:/Users/Sofs/Documents/CR/tp7/tp7.runs/synth_1/.Xil/Vivado-141660-DESKTOP-CV3V2L5/dcp25/design_1_axi_gpio_0_0_in_context.xdc] for cell 'design_1_i/axi_gpio_btn'
Parsing XDC File [C:/Users/Sofs/Documents/CR/tp7/tp7.runs/synth_1/.Xil/Vivado-141660-DESKTOP-CV3V2L5/dcp26/design_1_axi_gpio_1_1_in_context.xdc] for cell 'design_1_i/axi_gpio_led'
Finished Parsing XDC File [C:/Users/Sofs/Documents/CR/tp7/tp7.runs/synth_1/.Xil/Vivado-141660-DESKTOP-CV3V2L5/dcp26/design_1_axi_gpio_1_1_in_context.xdc] for cell 'design_1_i/axi_gpio_led'
Parsing XDC File [C:/Users/Sofs/Documents/CR/tp7/tp7.runs/synth_1/.Xil/Vivado-141660-DESKTOP-CV3V2L5/dcp27/design_1_xbar_0_in_context.xdc] for cell 'design_1_i/microblaze_0_axi_periph/xbar'
Finished Parsing XDC File [C:/Users/Sofs/Documents/CR/tp7/tp7.runs/synth_1/.Xil/Vivado-141660-DESKTOP-CV3V2L5/dcp27/design_1_xbar_0_in_context.xdc] for cell 'design_1_i/microblaze_0_axi_periph/xbar'
Parsing XDC File [C:/Users/Sofs/Documents/CR/tp7/tp7.runs/synth_1/.Xil/Vivado-141660-DESKTOP-CV3V2L5/dcp28/design_1_dlmb_v10_0_in_context.xdc] for cell 'design_1_i/microblaze_0_local_memory/dlmb_v10'
Finished Parsing XDC File [C:/Users/Sofs/Documents/CR/tp7/tp7.runs/synth_1/.Xil/Vivado-141660-DESKTOP-CV3V2L5/dcp28/design_1_dlmb_v10_0_in_context.xdc] for cell 'design_1_i/microblaze_0_local_memory/dlmb_v10'
Parsing XDC File [C:/Users/Sofs/Documents/CR/tp7/tp7.runs/synth_1/.Xil/Vivado-141660-DESKTOP-CV3V2L5/dcp29/design_1_dlmb_v10_0_in_context.xdc] for cell 'design_1_i/microblaze_0_local_memory/ilmb_v10'
Finished Parsing XDC File [C:/Users/Sofs/Documents/CR/tp7/tp7.runs/synth_1/.Xil/Vivado-141660-DESKTOP-CV3V2L5/dcp29/design_1_dlmb_v10_0_in_context.xdc] for cell 'design_1_i/microblaze_0_local_memory/ilmb_v10'
Parsing XDC File [C:/Users/Sofs/Documents/CR/tp7/tp7.runs/synth_1/.Xil/Vivado-141660-DESKTOP-CV3V2L5/dcp30/design_1_dlmb_bram_if_cntlr_0_in_context.xdc] for cell 'design_1_i/microblaze_0_local_memory/dlmb_bram_if_cntlr'
Finished Parsing XDC File [C:/Users/Sofs/Documents/CR/tp7/tp7.runs/synth_1/.Xil/Vivado-141660-DESKTOP-CV3V2L5/dcp30/design_1_dlmb_bram_if_cntlr_0_in_context.xdc] for cell 'design_1_i/microblaze_0_local_memory/dlmb_bram_if_cntlr'
Parsing XDC File [C:/Users/Sofs/Documents/CR/tp7/tp7.runs/synth_1/.Xil/Vivado-141660-DESKTOP-CV3V2L5/dcp31/design_1_ilmb_bram_if_cntlr_0_in_context.xdc] for cell 'design_1_i/microblaze_0_local_memory/ilmb_bram_if_cntlr'
Finished Parsing XDC File [C:/Users/Sofs/Documents/CR/tp7/tp7.runs/synth_1/.Xil/Vivado-141660-DESKTOP-CV3V2L5/dcp31/design_1_ilmb_bram_if_cntlr_0_in_context.xdc] for cell 'design_1_i/microblaze_0_local_memory/ilmb_bram_if_cntlr'
Parsing XDC File [C:/Users/Sofs/Documents/CR/tp7/tp7.runs/synth_1/.Xil/Vivado-141660-DESKTOP-CV3V2L5/dcp32/design_1_lmb_bram_0_in_context.xdc] for cell 'design_1_i/microblaze_0_local_memory/lmb_bram'
Finished Parsing XDC File [C:/Users/Sofs/Documents/CR/tp7/tp7.runs/synth_1/.Xil/Vivado-141660-DESKTOP-CV3V2L5/dcp32/design_1_lmb_bram_0_in_context.xdc] for cell 'design_1_i/microblaze_0_local_memory/lmb_bram'
Parsing XDC File [C:/Users/Sofs/Documents/CR/tp7/tp7.runs/synth_1/.Xil/Vivado-141660-DESKTOP-CV3V2L5/dcp33/design_1_axi_gpio_0_1_in_context.xdc] for cell 'design_1_i/axi_gpio_sw'
Finished Parsing XDC File [C:/Users/Sofs/Documents/CR/tp7/tp7.runs/synth_1/.Xil/Vivado-141660-DESKTOP-CV3V2L5/dcp33/design_1_axi_gpio_0_1_in_context.xdc] for cell 'design_1_i/axi_gpio_sw'
Parsing XDC File [C:/Users/Sofs/Documents/CR/tp7/tp7.runs/synth_1/.Xil/Vivado-141660-DESKTOP-CV3V2L5/dcp34/design_1_SevenDispManager_0_0_in_context.xdc] for cell 'design_1_i/SevenDispManager_0'
Finished Parsing XDC File [C:/Users/Sofs/Documents/CR/tp7/tp7.runs/synth_1/.Xil/Vivado-141660-DESKTOP-CV3V2L5/dcp34/design_1_SevenDispManager_0_0_in_context.xdc] for cell 'design_1_i/SevenDispManager_0'
Parsing XDC File [C:/Users/Sofs/Documents/CR/tp7/tp7.runs/synth_1/.Xil/Vivado-141660-DESKTOP-CV3V2L5/dcp35/design_1_xlconstant_0_0_in_context.xdc] for cell 'design_1_i/xlconstant_0'
Finished Parsing XDC File [C:/Users/Sofs/Documents/CR/tp7/tp7.runs/synth_1/.Xil/Vivado-141660-DESKTOP-CV3V2L5/dcp35/design_1_xlconstant_0_0_in_context.xdc] for cell 'design_1_i/xlconstant_0'
Parsing XDC File [C:/Users/Sofs/Documents/CR/tp7/tp7.srcs/constrs_1/imports/Desktop/Nexys4_Master.xdc]
WARNING: [Vivado 12-584] No ports matched 'clk'. [C:/Users/Sofs/Documents/CR/tp7/tp7.srcs/constrs_1/imports/Desktop/Nexys4_Master.xdc:8]
WARNING: [Vivado 12-584] No ports matched 'clk'. [C:/Users/Sofs/Documents/CR/tp7/tp7.srcs/constrs_1/imports/Desktop/Nexys4_Master.xdc:9]
WARNING: [Vivado 12-584] No ports matched 'clk'. [C:/Users/Sofs/Documents/CR/tp7/tp7.srcs/constrs_1/imports/Desktop/Nexys4_Master.xdc:10]
WARNING: [Vivado 12-584] No ports matched 'sw[0]'. [C:/Users/Sofs/Documents/CR/tp7/tp7.srcs/constrs_1/imports/Desktop/Nexys4_Master.xdc:14]
WARNING: [Vivado 12-584] No ports matched 'sw[0]'. [C:/Users/Sofs/Documents/CR/tp7/tp7.srcs/constrs_1/imports/Desktop/Nexys4_Master.xdc:15]
WARNING: [Vivado 12-584] No ports matched 'sw[1]'. [C:/Users/Sofs/Documents/CR/tp7/tp7.srcs/constrs_1/imports/Desktop/Nexys4_Master.xdc:17]
WARNING: [Vivado 12-584] No ports matched 'sw[1]'. [C:/Users/Sofs/Documents/CR/tp7/tp7.srcs/constrs_1/imports/Desktop/Nexys4_Master.xdc:18]
WARNING: [Vivado 12-584] No ports matched 'sw[2]'. [C:/Users/Sofs/Documents/CR/tp7/tp7.srcs/constrs_1/imports/Desktop/Nexys4_Master.xdc:20]
WARNING: [Vivado 12-584] No ports matched 'sw[2]'. [C:/Users/Sofs/Documents/CR/tp7/tp7.srcs/constrs_1/imports/Desktop/Nexys4_Master.xdc:21]
WARNING: [Vivado 12-584] No ports matched 'sw[3]'. [C:/Users/Sofs/Documents/CR/tp7/tp7.srcs/constrs_1/imports/Desktop/Nexys4_Master.xdc:23]
WARNING: [Vivado 12-584] No ports matched 'sw[3]'. [C:/Users/Sofs/Documents/CR/tp7/tp7.srcs/constrs_1/imports/Desktop/Nexys4_Master.xdc:24]
WARNING: [Vivado 12-584] No ports matched 'sw[4]'. [C:/Users/Sofs/Documents/CR/tp7/tp7.srcs/constrs_1/imports/Desktop/Nexys4_Master.xdc:26]
WARNING: [Vivado 12-584] No ports matched 'sw[4]'. [C:/Users/Sofs/Documents/CR/tp7/tp7.srcs/constrs_1/imports/Desktop/Nexys4_Master.xdc:27]
WARNING: [Vivado 12-584] No ports matched 'sw[5]'. [C:/Users/Sofs/Documents/CR/tp7/tp7.srcs/constrs_1/imports/Desktop/Nexys4_Master.xdc:29]
WARNING: [Vivado 12-584] No ports matched 'sw[5]'. [C:/Users/Sofs/Documents/CR/tp7/tp7.srcs/constrs_1/imports/Desktop/Nexys4_Master.xdc:30]
WARNING: [Vivado 12-584] No ports matched 'sw[6]'. [C:/Users/Sofs/Documents/CR/tp7/tp7.srcs/constrs_1/imports/Desktop/Nexys4_Master.xdc:32]
WARNING: [Vivado 12-584] No ports matched 'sw[6]'. [C:/Users/Sofs/Documents/CR/tp7/tp7.srcs/constrs_1/imports/Desktop/Nexys4_Master.xdc:33]
WARNING: [Vivado 12-584] No ports matched 'sw[7]'. [C:/Users/Sofs/Documents/CR/tp7/tp7.srcs/constrs_1/imports/Desktop/Nexys4_Master.xdc:35]
WARNING: [Vivado 12-584] No ports matched 'sw[7]'. [C:/Users/Sofs/Documents/CR/tp7/tp7.srcs/constrs_1/imports/Desktop/Nexys4_Master.xdc:36]
WARNING: [Vivado 12-584] No ports matched 'sw[8]'. [C:/Users/Sofs/Documents/CR/tp7/tp7.srcs/constrs_1/imports/Desktop/Nexys4_Master.xdc:38]
WARNING: [Vivado 12-584] No ports matched 'sw[8]'. [C:/Users/Sofs/Documents/CR/tp7/tp7.srcs/constrs_1/imports/Desktop/Nexys4_Master.xdc:39]
WARNING: [Vivado 12-584] No ports matched 'sw[9]'. [C:/Users/Sofs/Documents/CR/tp7/tp7.srcs/constrs_1/imports/Desktop/Nexys4_Master.xdc:41]
WARNING: [Vivado 12-584] No ports matched 'sw[9]'. [C:/Users/Sofs/Documents/CR/tp7/tp7.srcs/constrs_1/imports/Desktop/Nexys4_Master.xdc:42]
WARNING: [Vivado 12-584] No ports matched 'sw[10]'. [C:/Users/Sofs/Documents/CR/tp7/tp7.srcs/constrs_1/imports/Desktop/Nexys4_Master.xdc:44]
WARNING: [Vivado 12-584] No ports matched 'sw[10]'. [C:/Users/Sofs/Documents/CR/tp7/tp7.srcs/constrs_1/imports/Desktop/Nexys4_Master.xdc:45]
WARNING: [Vivado 12-584] No ports matched 'sw[11]'. [C:/Users/Sofs/Documents/CR/tp7/tp7.srcs/constrs_1/imports/Desktop/Nexys4_Master.xdc:47]
WARNING: [Vivado 12-584] No ports matched 'sw[11]'. [C:/Users/Sofs/Documents/CR/tp7/tp7.srcs/constrs_1/imports/Desktop/Nexys4_Master.xdc:48]
WARNING: [Vivado 12-584] No ports matched 'sw[12]'. [C:/Users/Sofs/Documents/CR/tp7/tp7.srcs/constrs_1/imports/Desktop/Nexys4_Master.xdc:50]
WARNING: [Vivado 12-584] No ports matched 'sw[12]'. [C:/Users/Sofs/Documents/CR/tp7/tp7.srcs/constrs_1/imports/Desktop/Nexys4_Master.xdc:51]
WARNING: [Vivado 12-584] No ports matched 'sw[13]'. [C:/Users/Sofs/Documents/CR/tp7/tp7.srcs/constrs_1/imports/Desktop/Nexys4_Master.xdc:53]
WARNING: [Vivado 12-584] No ports matched 'sw[13]'. [C:/Users/Sofs/Documents/CR/tp7/tp7.srcs/constrs_1/imports/Desktop/Nexys4_Master.xdc:54]
WARNING: [Vivado 12-584] No ports matched 'sw[14]'. [C:/Users/Sofs/Documents/CR/tp7/tp7.srcs/constrs_1/imports/Desktop/Nexys4_Master.xdc:56]
WARNING: [Vivado 12-584] No ports matched 'sw[14]'. [C:/Users/Sofs/Documents/CR/tp7/tp7.srcs/constrs_1/imports/Desktop/Nexys4_Master.xdc:57]
WARNING: [Vivado 12-584] No ports matched 'sw[15]'. [C:/Users/Sofs/Documents/CR/tp7/tp7.srcs/constrs_1/imports/Desktop/Nexys4_Master.xdc:59]
WARNING: [Vivado 12-584] No ports matched 'sw[15]'. [C:/Users/Sofs/Documents/CR/tp7/tp7.srcs/constrs_1/imports/Desktop/Nexys4_Master.xdc:60]
WARNING: [Vivado 12-584] No ports matched 'led[0]'. [C:/Users/Sofs/Documents/CR/tp7/tp7.srcs/constrs_1/imports/Desktop/Nexys4_Master.xdc:66]
WARNING: [Vivado 12-584] No ports matched 'led[0]'. [C:/Users/Sofs/Documents/CR/tp7/tp7.srcs/constrs_1/imports/Desktop/Nexys4_Master.xdc:67]
WARNING: [Vivado 12-584] No ports matched 'led[1]'. [C:/Users/Sofs/Documents/CR/tp7/tp7.srcs/constrs_1/imports/Desktop/Nexys4_Master.xdc:69]
WARNING: [Vivado 12-584] No ports matched 'led[1]'. [C:/Users/Sofs/Documents/CR/tp7/tp7.srcs/constrs_1/imports/Desktop/Nexys4_Master.xdc:70]
WARNING: [Vivado 12-584] No ports matched 'led[2]'. [C:/Users/Sofs/Documents/CR/tp7/tp7.srcs/constrs_1/imports/Desktop/Nexys4_Master.xdc:72]
WARNING: [Vivado 12-584] No ports matched 'led[2]'. [C:/Users/Sofs/Documents/CR/tp7/tp7.srcs/constrs_1/imports/Desktop/Nexys4_Master.xdc:73]
WARNING: [Vivado 12-584] No ports matched 'led[3]'. [C:/Users/Sofs/Documents/CR/tp7/tp7.srcs/constrs_1/imports/Desktop/Nexys4_Master.xdc:75]
WARNING: [Vivado 12-584] No ports matched 'led[3]'. [C:/Users/Sofs/Documents/CR/tp7/tp7.srcs/constrs_1/imports/Desktop/Nexys4_Master.xdc:76]
WARNING: [Vivado 12-584] No ports matched 'led[4]'. [C:/Users/Sofs/Documents/CR/tp7/tp7.srcs/constrs_1/imports/Desktop/Nexys4_Master.xdc:78]
WARNING: [Vivado 12-584] No ports matched 'led[4]'. [C:/Users/Sofs/Documents/CR/tp7/tp7.srcs/constrs_1/imports/Desktop/Nexys4_Master.xdc:79]
WARNING: [Vivado 12-584] No ports matched 'led[5]'. [C:/Users/Sofs/Documents/CR/tp7/tp7.srcs/constrs_1/imports/Desktop/Nexys4_Master.xdc:81]
WARNING: [Vivado 12-584] No ports matched 'led[5]'. [C:/Users/Sofs/Documents/CR/tp7/tp7.srcs/constrs_1/imports/Desktop/Nexys4_Master.xdc:82]
WARNING: [Vivado 12-584] No ports matched 'led[6]'. [C:/Users/Sofs/Documents/CR/tp7/tp7.srcs/constrs_1/imports/Desktop/Nexys4_Master.xdc:84]
WARNING: [Vivado 12-584] No ports matched 'led[6]'. [C:/Users/Sofs/Documents/CR/tp7/tp7.srcs/constrs_1/imports/Desktop/Nexys4_Master.xdc:85]
WARNING: [Vivado 12-584] No ports matched 'led[7]'. [C:/Users/Sofs/Documents/CR/tp7/tp7.srcs/constrs_1/imports/Desktop/Nexys4_Master.xdc:87]
WARNING: [Vivado 12-584] No ports matched 'led[7]'. [C:/Users/Sofs/Documents/CR/tp7/tp7.srcs/constrs_1/imports/Desktop/Nexys4_Master.xdc:88]
WARNING: [Vivado 12-584] No ports matched 'led[8]'. [C:/Users/Sofs/Documents/CR/tp7/tp7.srcs/constrs_1/imports/Desktop/Nexys4_Master.xdc:90]
WARNING: [Vivado 12-584] No ports matched 'led[8]'. [C:/Users/Sofs/Documents/CR/tp7/tp7.srcs/constrs_1/imports/Desktop/Nexys4_Master.xdc:91]
WARNING: [Vivado 12-584] No ports matched 'led[9]'. [C:/Users/Sofs/Documents/CR/tp7/tp7.srcs/constrs_1/imports/Desktop/Nexys4_Master.xdc:93]
WARNING: [Vivado 12-584] No ports matched 'led[9]'. [C:/Users/Sofs/Documents/CR/tp7/tp7.srcs/constrs_1/imports/Desktop/Nexys4_Master.xdc:94]
WARNING: [Vivado 12-584] No ports matched 'led[10]'. [C:/Users/Sofs/Documents/CR/tp7/tp7.srcs/constrs_1/imports/Desktop/Nexys4_Master.xdc:96]
WARNING: [Vivado 12-584] No ports matched 'led[10]'. [C:/Users/Sofs/Documents/CR/tp7/tp7.srcs/constrs_1/imports/Desktop/Nexys4_Master.xdc:97]
WARNING: [Vivado 12-584] No ports matched 'led[11]'. [C:/Users/Sofs/Documents/CR/tp7/tp7.srcs/constrs_1/imports/Desktop/Nexys4_Master.xdc:99]
WARNING: [Vivado 12-584] No ports matched 'led[11]'. [C:/Users/Sofs/Documents/CR/tp7/tp7.srcs/constrs_1/imports/Desktop/Nexys4_Master.xdc:100]
WARNING: [Vivado 12-584] No ports matched 'led[12]'. [C:/Users/Sofs/Documents/CR/tp7/tp7.srcs/constrs_1/imports/Desktop/Nexys4_Master.xdc:102]
WARNING: [Vivado 12-584] No ports matched 'led[12]'. [C:/Users/Sofs/Documents/CR/tp7/tp7.srcs/constrs_1/imports/Desktop/Nexys4_Master.xdc:103]
WARNING: [Vivado 12-584] No ports matched 'led[13]'. [C:/Users/Sofs/Documents/CR/tp7/tp7.srcs/constrs_1/imports/Desktop/Nexys4_Master.xdc:105]
WARNING: [Vivado 12-584] No ports matched 'led[13]'. [C:/Users/Sofs/Documents/CR/tp7/tp7.srcs/constrs_1/imports/Desktop/Nexys4_Master.xdc:106]
WARNING: [Vivado 12-584] No ports matched 'led[14]'. [C:/Users/Sofs/Documents/CR/tp7/tp7.srcs/constrs_1/imports/Desktop/Nexys4_Master.xdc:108]
WARNING: [Vivado 12-584] No ports matched 'led[14]'. [C:/Users/Sofs/Documents/CR/tp7/tp7.srcs/constrs_1/imports/Desktop/Nexys4_Master.xdc:109]
WARNING: [Vivado 12-584] No ports matched 'led[15]'. [C:/Users/Sofs/Documents/CR/tp7/tp7.srcs/constrs_1/imports/Desktop/Nexys4_Master.xdc:111]
WARNING: [Vivado 12-584] No ports matched 'led[15]'. [C:/Users/Sofs/Documents/CR/tp7/tp7.srcs/constrs_1/imports/Desktop/Nexys4_Master.xdc:112]
WARNING: [Vivado 12-584] No ports matched 'btnCpuReset'. [C:/Users/Sofs/Documents/CR/tp7/tp7.srcs/constrs_1/imports/Desktop/Nexys4_Master.xdc:191]
WARNING: [Vivado 12-584] No ports matched 'btnCpuReset'. [C:/Users/Sofs/Documents/CR/tp7/tp7.srcs/constrs_1/imports/Desktop/Nexys4_Master.xdc:192]
WARNING: [Vivado 12-584] No ports matched 'btnC'. [C:/Users/Sofs/Documents/CR/tp7/tp7.srcs/constrs_1/imports/Desktop/Nexys4_Master.xdc:194]
WARNING: [Vivado 12-584] No ports matched 'btnC'. [C:/Users/Sofs/Documents/CR/tp7/tp7.srcs/constrs_1/imports/Desktop/Nexys4_Master.xdc:195]
WARNING: [Vivado 12-584] No ports matched 'btnU'. [C:/Users/Sofs/Documents/CR/tp7/tp7.srcs/constrs_1/imports/Desktop/Nexys4_Master.xdc:197]
WARNING: [Vivado 12-584] No ports matched 'btnU'. [C:/Users/Sofs/Documents/CR/tp7/tp7.srcs/constrs_1/imports/Desktop/Nexys4_Master.xdc:198]
WARNING: [Vivado 12-584] No ports matched 'btnL'. [C:/Users/Sofs/Documents/CR/tp7/tp7.srcs/constrs_1/imports/Desktop/Nexys4_Master.xdc:200]
WARNING: [Vivado 12-584] No ports matched 'btnL'. [C:/Users/Sofs/Documents/CR/tp7/tp7.srcs/constrs_1/imports/Desktop/Nexys4_Master.xdc:201]
WARNING: [Vivado 12-584] No ports matched 'btnR'. [C:/Users/Sofs/Documents/CR/tp7/tp7.srcs/constrs_1/imports/Desktop/Nexys4_Master.xdc:203]
WARNING: [Vivado 12-584] No ports matched 'btnR'. [C:/Users/Sofs/Documents/CR/tp7/tp7.srcs/constrs_1/imports/Desktop/Nexys4_Master.xdc:204]
WARNING: [Vivado 12-584] No ports matched 'btnD'. [C:/Users/Sofs/Documents/CR/tp7/tp7.srcs/constrs_1/imports/Desktop/Nexys4_Master.xdc:206]
WARNING: [Vivado 12-584] No ports matched 'btnD'. [C:/Users/Sofs/Documents/CR/tp7/tp7.srcs/constrs_1/imports/Desktop/Nexys4_Master.xdc:207]
WARNING: [Vivado 12-584] No ports matched 'RsRx'. [C:/Users/Sofs/Documents/CR/tp7/tp7.srcs/constrs_1/imports/Desktop/Nexys4_Master.xdc:487]
WARNING: [Vivado 12-584] No ports matched 'RsRx'. [C:/Users/Sofs/Documents/CR/tp7/tp7.srcs/constrs_1/imports/Desktop/Nexys4_Master.xdc:488]
WARNING: [Vivado 12-584] No ports matched 'RsTx'. [C:/Users/Sofs/Documents/CR/tp7/tp7.srcs/constrs_1/imports/Desktop/Nexys4_Master.xdc:490]
WARNING: [Vivado 12-584] No ports matched 'RsTx'. [C:/Users/Sofs/Documents/CR/tp7/tp7.srcs/constrs_1/imports/Desktop/Nexys4_Master.xdc:491]
WARNING: [Vivado 12-584] No ports matched 'RsCts'. [C:/Users/Sofs/Documents/CR/tp7/tp7.srcs/constrs_1/imports/Desktop/Nexys4_Master.xdc:493]
WARNING: [Vivado 12-584] No ports matched 'RsCts'. [C:/Users/Sofs/Documents/CR/tp7/tp7.srcs/constrs_1/imports/Desktop/Nexys4_Master.xdc:494]
WARNING: [Vivado 12-584] No ports matched 'RsRts'. [C:/Users/Sofs/Documents/CR/tp7/tp7.srcs/constrs_1/imports/Desktop/Nexys4_Master.xdc:496]
WARNING: [Vivado 12-584] No ports matched 'RsRts'. [C:/Users/Sofs/Documents/CR/tp7/tp7.srcs/constrs_1/imports/Desktop/Nexys4_Master.xdc:497]
Finished Parsing XDC File [C:/Users/Sofs/Documents/CR/tp7/tp7.srcs/constrs_1/imports/Desktop/Nexys4_Master.xdc]
WARNING: [Project 1-498] One or more constraints failed evaluation while reading constraint file [C:/Users/Sofs/Documents/CR/tp7/tp7.srcs/constrs_1/imports/Desktop/Nexys4_Master.xdc] and the design contains unresolved black boxes. These constraints will be read post-synthesis (as long as their source constraint file is marked as used_in_implementation) and should be applied correctly then. You should review the constraints listed in the file [.Xil/design_1_wrapper_propImpl.xdc] and check the run log file to verify that these constraints were correctly applied.
INFO: [Project 1-236] Implementation specific constraints were found while reading constraint file [C:/Users/Sofs/Documents/CR/tp7/tp7.srcs/constrs_1/imports/Desktop/Nexys4_Master.xdc]. These constraints will be ignored for synthesis but will be used in implementation. Impacted constraints are listed in the file [.Xil/design_1_wrapper_propImpl.xdc].
Resolution: To avoid this warning, move constraints listed in [.Xil/design_1_wrapper_propImpl.xdc] to another XDC file and exclude this new file from synthesis with the used_in_synthesis property (File Properties dialog in GUI) and re-run elaboration/synthesis.
Parsing XDC File [C:/Users/Sofs/Documents/CR/tp7/tp7.runs/synth_1/dont_touch.xdc]
Finished Parsing XDC File [C:/Users/Sofs/Documents/CR/tp7/tp7.runs/synth_1/dont_touch.xdc]
Completed Processing XDC Constraints

INFO: [Project 1-111] Unisim Transformation Summary:
  A total of 16 instances were transformed.
  IOBUF => IOBUF (IBUF, OBUFT): 16 instances

Constraint Validation Runtime : Time (s): cpu = 00:00:00 ; elapsed = 00:00:00.019 . Memory (MB): peak = 771.516 ; gain = 0.000
WARNING: [Timing 38-316] Clock period '20.000' specified during out-of-context synthesis of instance 'design_1_i/microblaze_0_local_memory/lmb_bram' at clock pin 'clka' is different from the actual clock period '10.000', this can lead to different synthesis results.
---------------------------------------------------------------------------------
Finished Constraint Validation : Time (s): cpu = 00:00:24 ; elapsed = 00:00:29 . Memory (MB): peak = 771.516 ; gain = 487.324
---------------------------------------------------------------------------------
---------------------------------------------------------------------------------
Start Loading Part and Timing Information
---------------------------------------------------------------------------------
Loading part: xc7a100tcsg324-1
---------------------------------------------------------------------------------
Finished Loading Part and Timing Information : Time (s): cpu = 00:00:24 ; elapsed = 00:00:29 . Memory (MB): peak = 771.516 ; gain = 487.324
---------------------------------------------------------------------------------
---------------------------------------------------------------------------------
Start Applying 'set_property' XDC Constraints
---------------------------------------------------------------------------------
Applied set_property IO_BUFFER_TYPE = NONE for sys_clock. (constraint file  C:/Users/Sofs/Documents/CR/tp7/tp7.runs/synth_1/.Xil/Vivado-141660-DESKTOP-CV3V2L5/dcp22/design_1_clk_wiz_1_0_in_context.xdc, line 3).
Applied set_property CLOCK_BUFFER_TYPE = NONE for sys_clock. (constraint file  C:/Users/Sofs/Documents/CR/tp7/tp7.runs/synth_1/.Xil/Vivado-141660-DESKTOP-CV3V2L5/dcp22/design_1_clk_wiz_1_0_in_context.xdc, line 4).
Applied set_property DONT_TOUCH = true for design_1_i. (constraint file  auto generated constraint, line ).
Applied set_property DONT_TOUCH = true for design_1_i/SevenDispManager_0. (constraint file  auto generated constraint, line ).
Applied set_property DONT_TOUCH = true for design_1_i/axi_gpio_btn. (constraint file  auto generated constraint, line ).
Applied set_property DONT_TOUCH = true for design_1_i/axi_gpio_led. (constraint file  auto generated constraint, line ).
Applied set_property DONT_TOUCH = true for design_1_i/axi_gpio_sw. (constraint file  auto generated constraint, line ).
Applied set_property DONT_TOUCH = true for design_1_i/axi_uartlite_0. (constraint file  auto generated constraint, line ).
Applied set_property DONT_TOUCH = true for design_1_i/clk_wiz_1. (constraint file  auto generated constraint, line ).
Applied set_property DONT_TOUCH = true for design_1_i/mdm_1. (constraint file  auto generated constraint, line ).
Applied set_property DONT_TOUCH = true for design_1_i/microblaze_0. (constraint file  auto generated constraint, line ).
Applied set_property DONT_TOUCH = true for design_1_i/microblaze_0_axi_intc. (constraint file  auto generated constraint, line ).
Applied set_property DONT_TOUCH = true for design_1_i/microblaze_0_axi_periph. (constraint file  auto generated constraint, line ).
Applied set_property DONT_TOUCH = true for design_1_i/microblaze_0_axi_periph/xbar. (constraint file  auto generated constraint, line ).
Applied set_property DONT_TOUCH = true for design_1_i/microblaze_0_local_memory/dlmb_bram_if_cntlr. (constraint file  auto generated constraint, line ).
Applied set_property DONT_TOUCH = true for design_1_i/microblaze_0_local_memory/dlmb_v10. (constraint file  auto generated constraint, line ).
Applied set_property DONT_TOUCH = true for design_1_i/microblaze_0_local_memory/ilmb_bram_if_cntlr. (constraint file  auto generated constraint, line ).
Applied set_property DONT_TOUCH = true for design_1_i/microblaze_0_local_memory/ilmb_v10. (constraint file  auto generated constraint, line ).
Applied set_property DONT_TOUCH = true for design_1_i/microblaze_0_local_memory/lmb_bram. (constraint file  auto generated constraint, line ).
Applied set_property DONT_TOUCH = true for design_1_i/microblaze_0_xlconcat. (constraint file  auto generated constraint, line ).
Applied set_property DONT_TOUCH = true for design_1_i/rst_clk_wiz_1_100M. (constraint file  auto generated constraint, line ).
Applied set_property DONT_TOUCH = true for design_1_i/xlconstant_0. (constraint file  auto generated constraint, line ).
---------------------------------------------------------------------------------
Finished applying 'set_property' XDC Constraints : Time (s): cpu = 00:00:25 ; elapsed = 00:00:29 . Memory (MB): peak = 771.516 ; gain = 487.324
---------------------------------------------------------------------------------
---------------------------------------------------------------------------------
Finished RTL Optimization Phase 2 : Time (s): cpu = 00:00:25 ; elapsed = 00:00:29 . Memory (MB): peak = 771.516 ; gain = 487.324
---------------------------------------------------------------------------------

Report RTL Partitions: 
+-+--------------+------------+----------+
| |RTL Partition |Replication |Instances |
+-+--------------+------------+----------+
+-+--------------+------------+----------+
---------------------------------------------------------------------------------
Start RTL Component Statistics 
---------------------------------------------------------------------------------
Detailed RTL Component Info : 
---------------------------------------------------------------------------------
Finished RTL Component Statistics 
---------------------------------------------------------------------------------
---------------------------------------------------------------------------------
Start RTL Hierarchical Component Statistics 
---------------------------------------------------------------------------------
Hierarchical RTL Component report 
---------------------------------------------------------------------------------
Finished RTL Hierarchical Component Statistics
---------------------------------------------------------------------------------
---------------------------------------------------------------------------------
Start Part Resource Summary
---------------------------------------------------------------------------------
Part Resources:
DSPs: 240 (col length:80)
BRAMs: 270 (col length: RAMB18 80 RAMB36 40)
---------------------------------------------------------------------------------
Finished Part Resource Summary
---------------------------------------------------------------------------------
---------------------------------------------------------------------------------
Start Cross Boundary and Area Optimization
---------------------------------------------------------------------------------
WARNING: [Synth 8-3331] design design_1_microblaze_0_axi_periph_0 has unconnected port M00_ACLK
WARNING: [Synth 8-3331] design design_1_microblaze_0_axi_periph_0 has unconnected port M00_ARESETN
WARNING: [Synth 8-3331] design design_1_microblaze_0_axi_periph_0 has unconnected port M01_ACLK
WARNING: [Synth 8-3331] design design_1_microblaze_0_axi_periph_0 has unconnected port M01_ARESETN
WARNING: [Synth 8-3331] design design_1_microblaze_0_axi_periph_0 has unconnected port M02_ACLK
WARNING: [Synth 8-3331] design design_1_microblaze_0_axi_periph_0 has unconnected port M02_ARESETN
WARNING: [Synth 8-3331] design design_1_microblaze_0_axi_periph_0 has unconnected port M03_ACLK
WARNING: [Synth 8-3331] design design_1_microblaze_0_axi_periph_0 has unconnected port M03_ARESETN
WARNING: [Synth 8-3331] design design_1_microblaze_0_axi_periph_0 has unconnected port M04_ACLK
WARNING: [Synth 8-3331] design design_1_microblaze_0_axi_periph_0 has unconnected port M04_ARESETN
WARNING: [Synth 8-3331] design design_1_microblaze_0_axi_periph_0 has unconnected port M05_ACLK
WARNING: [Synth 8-3331] design design_1_microblaze_0_axi_periph_0 has unconnected port M05_ARESETN
WARNING: [Synth 8-3331] design design_1_microblaze_0_axi_periph_0 has unconnected port S00_ACLK
WARNING: [Synth 8-3331] design design_1_microblaze_0_axi_periph_0 has unconnected port S00_ARESETN
---------------------------------------------------------------------------------
Finished Cross Boundary and Area Optimization : Time (s): cpu = 00:00:26 ; elapsed = 00:00:30 . Memory (MB): peak = 771.516 ; gain = 487.324
---------------------------------------------------------------------------------

Report RTL Partitions: 
+-+--------------+------------+----------+
| |RTL Partition |Replication |Instances |
+-+--------------+------------+----------+
+-+--------------+------------+----------+
---------------------------------------------------------------------------------
Start Applying XDC Timing Constraints
---------------------------------------------------------------------------------
INFO: [Synth 8-5578] Moved timing constraint from pin 'design_1_i/mdm_1/Dbg_Clk_0' to pin 'design_1_i/mdm_1/bbstub_Dbg_Clk_0/O'
INFO: [Synth 8-5578] Moved timing constraint from pin 'design_1_i/mdm_1/Dbg_Update_0' to pin 'design_1_i/mdm_1/bbstub_Dbg_Update_0/O'
INFO: [Synth 8-5578] Moved timing constraint from pin 'design_1_i/clk_wiz_1/clk_out1' to pin 'design_1_i/clk_wiz_1/bbstub_clk_out1/O'
INFO: [Synth 8-5578] Moved timing constraint from pin 'design_1_i/microblaze_0_local_memory/dlmb_bram_if_cntlr/BRAM_Clk_A' to pin 'design_1_i/microblaze_0_local_memory/dlmb_bram_if_cntlr/bbstub_BRAM_Clk_A/O'
INFO: [Synth 8-5578] Moved timing constraint from pin 'design_1_i/microblaze_0_local_memory/ilmb_bram_if_cntlr/BRAM_Clk_A' to pin 'design_1_i/microblaze_0_local_memory/ilmb_bram_if_cntlr/bbstub_BRAM_Clk_A/O'
INFO: [Synth 8-5819] Moved 5 constraints on hierarchical pins to their respective driving/loading pins
---------------------------------------------------------------------------------
Finished Applying XDC Timing Constraints : Time (s): cpu = 00:00:36 ; elapsed = 00:00:41 . Memory (MB): peak = 771.516 ; gain = 487.324
---------------------------------------------------------------------------------
---------------------------------------------------------------------------------
Start Timing Optimization
---------------------------------------------------------------------------------
---------------------------------------------------------------------------------
Finished Timing Optimization : Time (s): cpu = 00:00:36 ; elapsed = 00:00:41 . Memory (MB): peak = 771.516 ; gain = 487.324
---------------------------------------------------------------------------------

Report RTL Partitions: 
+-+--------------+------------+----------+
| |RTL Partition |Replication |Instances |
+-+--------------+------------+----------+
+-+--------------+------------+----------+
---------------------------------------------------------------------------------
Start Technology Mapping
---------------------------------------------------------------------------------
---------------------------------------------------------------------------------
Finished Technology Mapping : Time (s): cpu = 00:00:36 ; elapsed = 00:00:41 . Memory (MB): peak = 771.516 ; gain = 487.324
---------------------------------------------------------------------------------

Report RTL Partitions: 
+-+--------------+------------+----------+
| |RTL Partition |Replication |Instances |
+-+--------------+------------+----------+
+-+--------------+------------+----------+
---------------------------------------------------------------------------------
Start IO Insertion
---------------------------------------------------------------------------------
---------------------------------------------------------------------------------
Start Flattening Before IO Insertion
---------------------------------------------------------------------------------
---------------------------------------------------------------------------------
Finished Flattening Before IO Insertion
---------------------------------------------------------------------------------
---------------------------------------------------------------------------------
Start Final Netlist Cleanup
---------------------------------------------------------------------------------
---------------------------------------------------------------------------------
Finished Final Netlist Cleanup
---------------------------------------------------------------------------------
---------------------------------------------------------------------------------
Finished IO Insertion : Time (s): cpu = 00:00:48 ; elapsed = 00:00:52 . Memory (MB): peak = 771.516 ; gain = 487.324
---------------------------------------------------------------------------------

Report Check Netlist: 
+------+------------------+-------+---------+-------+------------------+
|      |Item              |Errors |Warnings |Status |Description       |
+------+------------------+-------+---------+-------+------------------+
|1     |multi_driven_nets |      0|        0|Passed |Multi driven nets |
+------+------------------+-------+---------+-------+------------------+
---------------------------------------------------------------------------------
Start Renaming Generated Instances
---------------------------------------------------------------------------------
---------------------------------------------------------------------------------
Finished Renaming Generated Instances : Time (s): cpu = 00:00:48 ; elapsed = 00:00:52 . Memory (MB): peak = 771.516 ; gain = 487.324
---------------------------------------------------------------------------------

Report RTL Partitions: 
+-+--------------+------------+----------+
| |RTL Partition |Replication |Instances |
+-+--------------+------------+----------+
+-+--------------+------------+----------+
---------------------------------------------------------------------------------
Start Rebuilding User Hierarchy
---------------------------------------------------------------------------------
---------------------------------------------------------------------------------
Finished Rebuilding User Hierarchy : Time (s): cpu = 00:00:48 ; elapsed = 00:00:52 . Memory (MB): peak = 771.516 ; gain = 487.324
---------------------------------------------------------------------------------
---------------------------------------------------------------------------------
Start Renaming Generated Ports
---------------------------------------------------------------------------------
---------------------------------------------------------------------------------
Finished Renaming Generated Ports : Time (s): cpu = 00:00:48 ; elapsed = 00:00:52 . Memory (MB): peak = 771.516 ; gain = 487.324
---------------------------------------------------------------------------------
---------------------------------------------------------------------------------
Start Handling Custom Attributes
---------------------------------------------------------------------------------
---------------------------------------------------------------------------------
Finished Handling Custom Attributes : Time (s): cpu = 00:00:48 ; elapsed = 00:00:52 . Memory (MB): peak = 771.516 ; gain = 487.324
---------------------------------------------------------------------------------
---------------------------------------------------------------------------------
Start Renaming Generated Nets
---------------------------------------------------------------------------------
---------------------------------------------------------------------------------
Finished Renaming Generated Nets : Time (s): cpu = 00:00:48 ; elapsed = 00:00:52 . Memory (MB): peak = 771.516 ; gain = 487.324
---------------------------------------------------------------------------------
---------------------------------------------------------------------------------
Start Writing Synthesis Report
---------------------------------------------------------------------------------

Report BlackBoxes: 
+------+---------------------------------+----------+
|      |BlackBox name                    |Instances |
+------+---------------------------------+----------+
|1     |design_1_xbar_0                  |         1|
|2     |design_1_SevenDispManager_0_0    |         1|
|3     |design_1_axi_gpio_0_0            |         1|
|4     |design_1_axi_gpio_1_1            |         1|
|5     |design_1_axi_gpio_0_1            |         1|
|6     |design_1_axi_uartlite_0_0        |         1|
|7     |design_1_clk_wiz_1_0             |         1|
|8     |design_1_mdm_1_0                 |         1|
|9     |design_1_microblaze_0_0          |         1|
|10    |design_1_microblaze_0_axi_intc_0 |         1|
|11    |design_1_microblaze_0_xlconcat_0 |         1|
|12    |design_1_rst_clk_wiz_1_100M_0    |         1|
|13    |design_1_xlconstant_0_0          |         1|
|14    |design_1_dlmb_bram_if_cntlr_0    |         1|
|15    |design_1_dlmb_v10_0              |         1|
|16    |design_1_ilmb_bram_if_cntlr_0    |         1|
|17    |design_1_ilmb_v10_0              |         1|
|18    |design_1_lmb_bram_0              |         1|
+------+---------------------------------+----------+

Report Cell Usage: 
+------+-----------------------------------------+------+
|      |Cell                                     |Count |
+------+-----------------------------------------+------+
|1     |design_1_SevenDispManager_0_0_bbox_0     |     1|
|2     |design_1_axi_gpio_0_0_bbox_1             |     1|
|3     |design_1_axi_gpio_0_1_bbox_3             |     1|
|4     |design_1_axi_gpio_1_1_bbox_2             |     1|
|5     |design_1_axi_uartlite_0_0_bbox_4         |     1|
|6     |design_1_clk_wiz_1_0_bbox_5              |     1|
|7     |design_1_dlmb_bram_if_cntlr_0_bbox_10    |     1|
|8     |design_1_dlmb_v10_0_bbox_11              |     1|
|9     |design_1_ilmb_bram_if_cntlr_0_bbox_12    |     1|
|10    |design_1_ilmb_v10_0_bbox_13              |     1|
|11    |design_1_lmb_bram_0_bbox_14              |     1|
|12    |design_1_mdm_1_0_bbox_6                  |     1|
|13    |design_1_microblaze_0_0_bbox_7           |     1|
|14    |design_1_microblaze_0_axi_intc_0_bbox_8  |     1|
|15    |design_1_microblaze_0_xlconcat_0_bbox_15 |     1|
|16    |design_1_rst_clk_wiz_1_100M_0_bbox_16    |     1|
|17    |design_1_xbar_0_bbox_9                   |     1|
|18    |design_1_xlconstant_0_0_bbox_17          |     1|
|19    |IBUF                                     |    23|
|20    |IOBUF                                    |    16|
|21    |OBUF                                     |    17|
+------+-----------------------------------------+------+

Report Instance Areas: 
+------+------------------------------+--------------------------------------+------+
|      |Instance                      |Module                                |Cells |
+------+------------------------------+--------------------------------------+------+
|1     |top                           |                                      |  1834|
|2     |  design_1_i                  |design_1                              |  1778|
|3     |    microblaze_0_axi_periph   |design_1_microblaze_0_axi_periph_0    |   707|
|4     |    microblaze_0_local_memory |microblaze_0_local_memory_imp_1K0VQXK |   496|
+------+------------------------------+--------------------------------------+------+
---------------------------------------------------------------------------------
Finished Writing Synthesis Report : Time (s): cpu = 00:00:48 ; elapsed = 00:00:52 . Memory (MB): peak = 771.516 ; gain = 487.324
---------------------------------------------------------------------------------
Synthesis finished with 0 errors, 0 critical warnings and 14 warnings.
Synthesis Optimization Runtime : Time (s): cpu = 00:00:30 ; elapsed = 00:00:40 . Memory (MB): peak = 771.516 ; gain = 157.234
Synthesis Optimization Complete : Time (s): cpu = 00:00:48 ; elapsed = 00:00:52 . Memory (MB): peak = 771.516 ; gain = 487.324
INFO: [Project 1-571] Translating synthesized netlist
INFO: [Netlist 29-17] Analyzing 39 Unisim elements for replacement
INFO: [Netlist 29-28] Unisim Transformation completed in 0 CPU seconds
INFO: [Project 1-570] Preparing netlist for logic optimization
INFO: [Opt 31-138] Pushed 0 inverter(s) to 0 load pin(s).
INFO: [Project 1-111] Unisim Transformation Summary:
  A total of 16 instances were transformed.
  IOBUF => IOBUF (IBUF, OBUFT): 16 instances

INFO: [Common 17-83] Releasing license: Synthesis
99 Infos, 134 Warnings, 0 Critical Warnings and 0 Errors encountered.
synth_design completed successfully
synth_design: Time (s): cpu = 00:00:50 ; elapsed = 00:00:59 . Memory (MB): peak = 778.707 ; gain = 501.426
INFO: [Common 17-1381] The checkpoint 'C:/Users/Sofs/Documents/CR/tp7/tp7.runs/synth_1/design_1_wrapper.dcp' has been generated.
INFO: [runtcl-4] Executing : report_utilization -file design_1_wrapper_utilization_synth.rpt -pb design_1_wrapper_utilization_synth.pb
report_utilization: Time (s): cpu = 00:00:00 ; elapsed = 00:00:00.058 . Memory (MB): peak = 778.707 ; gain = 0.000
INFO: [Common 17-206] Exiting Vivado at Wed Jun  6 18:41:56 2018...
